{"/Users/super_user/projects/VY-Prompt-Master/src/config.ts": {"path":"/Users/super_user/projects/VY-Prompt-Master/src/config.ts","statementMap":{"0":{"start":{"line":11,"column":0},"end":{"line":11,"column":null}},"1":{"start":{"line":31,"column":40},"end":{"line":38,"column":null}},"2":{"start":{"line":46,"column":34},"end":{"line":46,"column":null}},"3":{"start":{"line":49,"column":2},"end":{"line":54,"column":null}},"4":{"start":{"line":50,"column":21},"end":{"line":50,"column":null}},"5":{"start":{"line":51,"column":4},"end":{"line":53,"column":null}},"6":{"start":{"line":52,"column":6},"end":{"line":52,"column":null}},"7":{"start":{"line":56,"column":2},"end":{"line":58,"column":null}},"8":{"start":{"line":57,"column":4},"end":{"line":57,"column":null}},"9":{"start":{"line":60,"column":2},"end":{"line":65,"column":null}},"10":{"start":{"line":61,"column":23},"end":{"line":61,"column":null}},"11":{"start":{"line":62,"column":4},"end":{"line":64,"column":null}},"12":{"start":{"line":63,"column":6},"end":{"line":63,"column":null}},"13":{"start":{"line":67,"column":2},"end":{"line":69,"column":null}},"14":{"start":{"line":68,"column":4},"end":{"line":68,"column":null}},"15":{"start":{"line":71,"column":2},"end":{"line":74,"column":null}},"16":{"start":{"line":72,"column":4},"end":{"line":73,"column":null}},"17":{"start":{"line":76,"column":2},"end":{"line":81,"column":null}},"18":{"start":{"line":77,"column":18},"end":{"line":77,"column":null}},"19":{"start":{"line":78,"column":4},"end":{"line":80,"column":null}},"20":{"start":{"line":79,"column":6},"end":{"line":79,"column":null}},"21":{"start":{"line":83,"column":2},"end":{"line":88,"column":null}},"22":{"start":{"line":84,"column":20},"end":{"line":84,"column":null}},"23":{"start":{"line":85,"column":4},"end":{"line":87,"column":null}},"24":{"start":{"line":86,"column":6},"end":{"line":86,"column":null}},"25":{"start":{"line":91,"column":22},"end":{"line":96,"column":null}},"26":{"start":{"line":98,"column":2},"end":{"line":140,"column":null}},"27":{"start":{"line":99,"column":4},"end":{"line":139,"column":null}},"28":{"start":{"line":100,"column":6},"end":{"line":138,"column":null}},"29":{"start":{"line":101,"column":14},"end":{"line":101,"column":null}},"30":{"start":{"line":104,"column":8},"end":{"line":110,"column":null}},"31":{"start":{"line":105,"column":10},"end":{"line":105,"column":null}},"32":{"start":{"line":109,"column":10},"end":{"line":109,"column":null}},"33":{"start":{"line":113,"column":8},"end":{"line":115,"column":null}},"34":{"start":{"line":114,"column":10},"end":{"line":114,"column":null}},"35":{"start":{"line":116,"column":8},"end":{"line":118,"column":null}},"36":{"start":{"line":117,"column":10},"end":{"line":117,"column":null}},"37":{"start":{"line":119,"column":8},"end":{"line":121,"column":null}},"38":{"start":{"line":120,"column":10},"end":{"line":120,"column":null}},"39":{"start":{"line":122,"column":8},"end":{"line":124,"column":null}},"40":{"start":{"line":123,"column":10},"end":{"line":123,"column":null}},"41":{"start":{"line":125,"column":8},"end":{"line":127,"column":null}},"42":{"start":{"line":126,"column":10},"end":{"line":126,"column":null}},"43":{"start":{"line":128,"column":8},"end":{"line":130,"column":null}},"44":{"start":{"line":129,"column":10},"end":{"line":129,"column":null}},"45":{"start":{"line":131,"column":8},"end":{"line":133,"column":null}},"46":{"start":{"line":132,"column":10},"end":{"line":132,"column":null}},"47":{"start":{"line":135,"column":8},"end":{"line":135,"column":null}},"48":{"start":{"line":137,"column":8},"end":{"line":137,"column":null}},"49":{"start":{"line":142,"column":2},"end":{"line":142,"column":null}}},"fnMap":{"0":{"name":"loadConfiguration","decl":{"start":{"line":44,"column":16},"end":{"line":44,"column":53}},"loc":{"start":{"line":44,"column":53},"end":{"line":143,"column":null}},"line":44}},"branchMap":{"0":{"loc":{"start":{"line":49,"column":2},"end":{"line":54,"column":null}},"type":"if","locations":[{"start":{"line":49,"column":2},"end":{"line":54,"column":null}},{"start":{},"end":{}}],"line":49},"1":{"loc":{"start":{"line":51,"column":4},"end":{"line":53,"column":null}},"type":"if","locations":[{"start":{"line":51,"column":4},"end":{"line":53,"column":null}},{"start":{},"end":{}}],"line":51},"2":{"loc":{"start":{"line":51,"column":8},"end":{"line":51,"column":82}},"type":"binary-expr","locations":[{"start":{"line":51,"column":8},"end":{"line":51,"column":36}},{"start":{"line":51,"column":36},"end":{"line":51,"column":61}},{"start":{"line":51,"column":61},"end":{"line":51,"column":82}}],"line":51},"3":{"loc":{"start":{"line":56,"column":2},"end":{"line":58,"column":null}},"type":"if","locations":[{"start":{"line":56,"column":2},"end":{"line":58,"column":null}},{"start":{},"end":{}}],"line":56},"4":{"loc":{"start":{"line":60,"column":2},"end":{"line":65,"column":null}},"type":"if","locations":[{"start":{"line":60,"column":2},"end":{"line":65,"column":null}},{"start":{},"end":{}}],"line":60},"5":{"loc":{"start":{"line":62,"column":4},"end":{"line":64,"column":null}},"type":"if","locations":[{"start":{"line":62,"column":4},"end":{"line":64,"column":null}},{"start":{},"end":{}}],"line":62},"6":{"loc":{"start":{"line":62,"column":8},"end":{"line":62,"column":46}},"type":"binary-expr","locations":[{"start":{"line":62,"column":8},"end":{"line":62,"column":30}},{"start":{"line":62,"column":30},"end":{"line":62,"column":46}}],"line":62},"7":{"loc":{"start":{"line":67,"column":2},"end":{"line":69,"column":null}},"type":"if","locations":[{"start":{"line":67,"column":2},"end":{"line":69,"column":null}},{"start":{},"end":{}}],"line":67},"8":{"loc":{"start":{"line":71,"column":2},"end":{"line":74,"column":null}},"type":"if","locations":[{"start":{"line":71,"column":2},"end":{"line":74,"column":null}},{"start":{},"end":{}}],"line":71},"9":{"loc":{"start":{"line":72,"column":21},"end":{"line":73,"column":null}},"type":"binary-expr","locations":[{"start":{"line":72,"column":21},"end":{"line":72,"column":null}},{"start":{"line":73,"column":21},"end":{"line":73,"column":null}}],"line":72},"10":{"loc":{"start":{"line":76,"column":2},"end":{"line":81,"column":null}},"type":"if","locations":[{"start":{"line":76,"column":2},"end":{"line":81,"column":null}},{"start":{},"end":{}}],"line":76},"11":{"loc":{"start":{"line":78,"column":4},"end":{"line":80,"column":null}},"type":"if","locations":[{"start":{"line":78,"column":4},"end":{"line":80,"column":null}},{"start":{},"end":{}}],"line":78},"12":{"loc":{"start":{"line":78,"column":8},"end":{"line":78,"column":36}},"type":"binary-expr","locations":[{"start":{"line":78,"column":8},"end":{"line":78,"column":25}},{"start":{"line":78,"column":25},"end":{"line":78,"column":36}}],"line":78},"13":{"loc":{"start":{"line":83,"column":2},"end":{"line":88,"column":null}},"type":"if","locations":[{"start":{"line":83,"column":2},"end":{"line":88,"column":null}},{"start":{},"end":{}}],"line":83},"14":{"loc":{"start":{"line":85,"column":4},"end":{"line":87,"column":null}},"type":"if","locations":[{"start":{"line":85,"column":4},"end":{"line":87,"column":null}},{"start":{},"end":{}}],"line":85},"15":{"loc":{"start":{"line":85,"column":8},"end":{"line":85,"column":40}},"type":"binary-expr","locations":[{"start":{"line":85,"column":8},"end":{"line":85,"column":27}},{"start":{"line":85,"column":27},"end":{"line":85,"column":40}}],"line":85},"16":{"loc":{"start":{"line":99,"column":4},"end":{"line":139,"column":null}},"type":"if","locations":[{"start":{"line":99,"column":4},"end":{"line":139,"column":null}},{"start":{},"end":{}}],"line":99},"17":{"loc":{"start":{"line":104,"column":8},"end":{"line":110,"column":null}},"type":"if","locations":[{"start":{"line":104,"column":8},"end":{"line":110,"column":null}},{"start":{"line":106,"column":15},"end":{"line":110,"column":null}}],"line":104},"18":{"loc":{"start":{"line":113,"column":8},"end":{"line":115,"column":null}},"type":"if","locations":[{"start":{"line":113,"column":8},"end":{"line":115,"column":null}},{"start":{},"end":{}}],"line":113},"19":{"loc":{"start":{"line":116,"column":8},"end":{"line":118,"column":null}},"type":"if","locations":[{"start":{"line":116,"column":8},"end":{"line":118,"column":null}},{"start":{},"end":{}}],"line":116},"20":{"loc":{"start":{"line":119,"column":8},"end":{"line":121,"column":null}},"type":"if","locations":[{"start":{"line":119,"column":8},"end":{"line":121,"column":null}},{"start":{},"end":{}}],"line":119},"21":{"loc":{"start":{"line":122,"column":8},"end":{"line":124,"column":null}},"type":"if","locations":[{"start":{"line":122,"column":8},"end":{"line":124,"column":null}},{"start":{},"end":{}}],"line":122},"22":{"loc":{"start":{"line":125,"column":8},"end":{"line":127,"column":null}},"type":"if","locations":[{"start":{"line":125,"column":8},"end":{"line":127,"column":null}},{"start":{},"end":{}}],"line":125},"23":{"loc":{"start":{"line":128,"column":8},"end":{"line":130,"column":null}},"type":"if","locations":[{"start":{"line":128,"column":8},"end":{"line":130,"column":null}},{"start":{},"end":{}}],"line":128},"24":{"loc":{"start":{"line":131,"column":8},"end":{"line":133,"column":null}},"type":"if","locations":[{"start":{"line":131,"column":8},"end":{"line":133,"column":null}},{"start":{},"end":{}}],"line":131}},"s":{"0":0,"1":0,"2":0,"3":0,"4":0,"5":0,"6":0,"7":0,"8":0,"9":0,"10":0,"11":0,"12":0,"13":0,"14":0,"15":0,"16":0,"17":0,"18":0,"19":0,"20":0,"21":0,"22":0,"23":0,"24":0,"25":0,"26":0,"27":0,"28":0,"29":0,"30":0,"31":0,"32":0,"33":0,"34":0,"35":0,"36":0,"37":0,"38":0,"39":0,"40":0,"41":0,"42":0,"43":0,"44":0,"45":0,"46":0,"47":0,"48":0,"49":0},"f":{"0":0},"b":{"0":[0,0],"1":[0,0],"2":[0,0,0],"3":[0,0],"4":[0,0],"5":[0,0],"6":[0,0],"7":[0,0],"8":[0,0],"9":[0,0],"10":[0,0],"11":[0,0],"12":[0,0],"13":[0,0],"14":[0,0],"15":[0,0],"16":[0,0],"17":[0,0],"18":[0,0],"19":[0,0],"20":[0,0],"21":[0,0],"22":[0,0],"23":[0,0],"24":[0,0]},"meta":{"lastBranch":25,"lastFunction":1,"lastStatement":50,"seen":{"s:11:0:11:Infinity":0,"s:31:40:38:Infinity":1,"f:44:16:44:53":0,"s:46:34:46:Infinity":2,"b:49:2:54:Infinity:undefined:undefined:undefined:undefined":0,"s:49:2:54:Infinity":3,"s:50:21:50:Infinity":4,"b:51:4:53:Infinity:undefined:undefined:undefined:undefined":1,"s:51:4:53:Infinity":5,"b:51:8:51:36:51:36:51:61:51:61:51:82":2,"s:52:6:52:Infinity":6,"b:56:2:58:Infinity:undefined:undefined:undefined:undefined":3,"s:56:2:58:Infinity":7,"s:57:4:57:Infinity":8,"b:60:2:65:Infinity:undefined:undefined:undefined:undefined":4,"s:60:2:65:Infinity":9,"s:61:23:61:Infinity":10,"b:62:4:64:Infinity:undefined:undefined:undefined:undefined":5,"s:62:4:64:Infinity":11,"b:62:8:62:30:62:30:62:46":6,"s:63:6:63:Infinity":12,"b:67:2:69:Infinity:undefined:undefined:undefined:undefined":7,"s:67:2:69:Infinity":13,"s:68:4:68:Infinity":14,"b:71:2:74:Infinity:undefined:undefined:undefined:undefined":8,"s:71:2:74:Infinity":15,"s:72:4:73:Infinity":16,"b:72:21:72:Infinity:73:21:73:Infinity":9,"b:76:2:81:Infinity:undefined:undefined:undefined:undefined":10,"s:76:2:81:Infinity":17,"s:77:18:77:Infinity":18,"b:78:4:80:Infinity:undefined:undefined:undefined:undefined":11,"s:78:4:80:Infinity":19,"b:78:8:78:25:78:25:78:36":12,"s:79:6:79:Infinity":20,"b:83:2:88:Infinity:undefined:undefined:undefined:undefined":13,"s:83:2:88:Infinity":21,"s:84:20:84:Infinity":22,"b:85:4:87:Infinity:undefined:undefined:undefined:undefined":14,"s:85:4:87:Infinity":23,"b:85:8:85:27:85:27:85:40":15,"s:86:6:86:Infinity":24,"s:91:22:96:Infinity":25,"s:98:2:140:Infinity":26,"b:99:4:139:Infinity:undefined:undefined:undefined:undefined":16,"s:99:4:139:Infinity":27,"s:100:6:138:Infinity":28,"s:101:14:101:Infinity":29,"b:104:8:110:Infinity:106:15:110:Infinity":17,"s:104:8:110:Infinity":30,"s:105:10:105:Infinity":31,"s:109:10:109:Infinity":32,"b:113:8:115:Infinity:undefined:undefined:undefined:undefined":18,"s:113:8:115:Infinity":33,"s:114:10:114:Infinity":34,"b:116:8:118:Infinity:undefined:undefined:undefined:undefined":19,"s:116:8:118:Infinity":35,"s:117:10:117:Infinity":36,"b:119:8:121:Infinity:undefined:undefined:undefined:undefined":20,"s:119:8:121:Infinity":37,"s:120:10:120:Infinity":38,"b:122:8:124:Infinity:undefined:undefined:undefined:undefined":21,"s:122:8:124:Infinity":39,"s:123:10:123:Infinity":40,"b:125:8:127:Infinity:undefined:undefined:undefined:undefined":22,"s:125:8:127:Infinity":41,"s:126:10:126:Infinity":42,"b:128:8:130:Infinity:undefined:undefined:undefined:undefined":23,"s:128:8:130:Infinity":43,"s:129:10:129:Infinity":44,"b:131:8:133:Infinity:undefined:undefined:undefined:undefined":24,"s:131:8:133:Infinity":45,"s:132:10:132:Infinity":46,"s:135:8:135:Infinity":47,"s:137:8:137:Infinity":48,"s:142:2:142:Infinity":49}}}
,"/Users/super_user/projects/VY-Prompt-Master/src/index.ts": {"path":"/Users/super_user/projects/VY-Prompt-Master/src/index.ts","statementMap":{},"fnMap":{},"branchMap":{},"s":{},"f":{},"b":{},"meta":{"lastBranch":0,"lastFunction":0,"lastStatement":0,"seen":{}}}
,"/Users/super_user/projects/VY-Prompt-Master/src/logger.ts": {"path":"/Users/super_user/projects/VY-Prompt-Master/src/logger.ts","statementMap":{"0":{"start":{"line":22,"column":4},"end":{"line":22,"column":null}},"1":{"start":{"line":23,"column":4},"end":{"line":23,"column":null}},"2":{"start":{"line":24,"column":4},"end":{"line":24,"column":null}},"3":{"start":{"line":28,"column":4},"end":{"line":28,"column":null}},"4":{"start":{"line":28,"column":23},"end":{"line":28,"column":null}},"5":{"start":{"line":30,"column":35},"end":{"line":30,"column":null}},"6":{"start":{"line":31,"column":30},"end":{"line":31,"column":null}},"7":{"start":{"line":32,"column":30},"end":{"line":32,"column":null}},"8":{"start":{"line":34,"column":4},"end":{"line":34,"column":null}},"9":{"start":{"line":38,"column":10},"end":{"line":38,"column":null}},"10":{"start":{"line":39,"column":56},"end":{"line":44,"column":null}},"11":{"start":{"line":46,"column":23},"end":{"line":46,"column":null}},"12":{"start":{"line":47,"column":25},"end":{"line":47,"column":null}},"13":{"start":{"line":49,"column":4},"end":{"line":49,"column":null}},"14":{"start":{"line":53,"column":4},"end":{"line":55,"column":null}},"15":{"start":{"line":54,"column":6},"end":{"line":54,"column":null}},"16":{"start":{"line":59,"column":4},"end":{"line":61,"column":null}},"17":{"start":{"line":60,"column":6},"end":{"line":60,"column":null}},"18":{"start":{"line":65,"column":4},"end":{"line":67,"column":null}},"19":{"start":{"line":66,"column":6},"end":{"line":66,"column":null}},"20":{"start":{"line":71,"column":4},"end":{"line":73,"column":null}},"21":{"start":{"line":72,"column":6},"end":{"line":72,"column":null}},"22":{"start":{"line":77,"column":4},"end":{"line":77,"column":null}},"23":{"start":{"line":81,"column":4},"end":{"line":81,"column":null}},"24":{"start":{"line":86,"column":22},"end":{"line":86,"column":null}}},"fnMap":{"0":{"name":"(anonymous_0)","decl":{"start":{"line":21,"column":2},"end":{"line":21,"column":14}},"loc":{"start":{"line":21,"column":43},"end":{"line":25,"column":null}},"line":21},"1":{"name":"(anonymous_1)","decl":{"start":{"line":27,"column":10},"end":{"line":27,"column":20}},"loc":{"start":{"line":27,"column":46},"end":{"line":35,"column":null}},"line":27},"2":{"name":"(anonymous_2)","decl":{"start":{"line":37,"column":10},"end":{"line":37,"column":24}},"loc":{"start":{"line":37,"column":66},"end":{"line":50,"column":null}},"line":37},"3":{"name":"(anonymous_3)","decl":{"start":{"line":52,"column":2},"end":{"line":52,"column":8}},"loc":{"start":{"line":52,"column":31},"end":{"line":56,"column":null}},"line":52},"4":{"name":"(anonymous_4)","decl":{"start":{"line":58,"column":2},"end":{"line":58,"column":7}},"loc":{"start":{"line":58,"column":30},"end":{"line":62,"column":null}},"line":58},"5":{"name":"(anonymous_5)","decl":{"start":{"line":64,"column":2},"end":{"line":64,"column":7}},"loc":{"start":{"line":64,"column":30},"end":{"line":68,"column":null}},"line":64},"6":{"name":"(anonymous_6)","decl":{"start":{"line":70,"column":2},"end":{"line":70,"column":8}},"loc":{"start":{"line":70,"column":31},"end":{"line":74,"column":null}},"line":70},"7":{"name":"(anonymous_7)","decl":{"start":{"line":76,"column":2},"end":{"line":76,"column":11}},"loc":{"start":{"line":76,"column":34},"end":{"line":78,"column":null}},"line":76},"8":{"name":"(anonymous_8)","decl":{"start":{"line":80,"column":2},"end":{"line":80,"column":13}},"loc":{"start":{"line":80,"column":37},"end":{"line":82,"column":null}},"line":80}},"branchMap":{"0":{"loc":{"start":{"line":21,"column":14},"end":{"line":21,"column":43}},"type":"default-arg","locations":[{"start":{"line":21,"column":39},"end":{"line":21,"column":43}}],"line":21},"1":{"loc":{"start":{"line":22,"column":17},"end":{"line":22,"column":null}},"type":"binary-expr","locations":[{"start":{"line":22,"column":17},"end":{"line":22,"column":34}},{"start":{"line":22,"column":34},"end":{"line":22,"column":null}}],"line":22},"2":{"loc":{"start":{"line":23,"column":18},"end":{"line":23,"column":null}},"type":"binary-expr","locations":[{"start":{"line":23,"column":18},"end":{"line":23,"column":36}},{"start":{"line":23,"column":36},"end":{"line":23,"column":null}}],"line":23},"3":{"loc":{"start":{"line":24,"column":19},"end":{"line":24,"column":null}},"type":"cond-expr","locations":[{"start":{"line":24,"column":51},"end":{"line":24,"column":69}},{"start":{"line":24,"column":69},"end":{"line":24,"column":null}}],"line":24},"4":{"loc":{"start":{"line":28,"column":4},"end":{"line":28,"column":null}},"type":"if","locations":[{"start":{"line":28,"column":4},"end":{"line":28,"column":null}},{"start":{},"end":{}}],"line":28},"5":{"loc":{"start":{"line":49,"column":44},"end":{"line":49,"column":80}},"type":"cond-expr","locations":[{"start":{"line":49,"column":58},"end":{"line":49,"column":78}},{"start":{"line":49,"column":78},"end":{"line":49,"column":80}}],"line":49},"6":{"loc":{"start":{"line":53,"column":4},"end":{"line":55,"column":null}},"type":"if","locations":[{"start":{"line":53,"column":4},"end":{"line":55,"column":null}},{"start":{},"end":{}}],"line":53},"7":{"loc":{"start":{"line":59,"column":4},"end":{"line":61,"column":null}},"type":"if","locations":[{"start":{"line":59,"column":4},"end":{"line":61,"column":null}},{"start":{},"end":{}}],"line":59},"8":{"loc":{"start":{"line":65,"column":4},"end":{"line":67,"column":null}},"type":"if","locations":[{"start":{"line":65,"column":4},"end":{"line":67,"column":null}},{"start":{},"end":{}}],"line":65},"9":{"loc":{"start":{"line":71,"column":4},"end":{"line":73,"column":null}},"type":"if","locations":[{"start":{"line":71,"column":4},"end":{"line":73,"column":null}},{"start":{},"end":{}}],"line":71}},"s":{"0":1,"1":1,"2":1,"3":0,"4":0,"5":0,"6":0,"7":0,"8":0,"9":0,"10":0,"11":0,"12":0,"13":0,"14":0,"15":0,"16":0,"17":0,"18":0,"19":0,"20":0,"21":0,"22":0,"23":0,"24":1},"f":{"0":1,"1":0,"2":0,"3":0,"4":0,"5":0,"6":0,"7":0,"8":0},"b":{"0":[1],"1":[1,1],"2":[1,1],"3":[0,1],"4":[0,0],"5":[0,0],"6":[0,0],"7":[0,0],"8":[0,0],"9":[0,0]},"meta":{"lastBranch":10,"lastFunction":9,"lastStatement":25,"seen":{"f:21:2:21:14":0,"b:21:39:21:43":0,"s:22:4:22:Infinity":0,"b:22:17:22:34:22:34:22:Infinity":1,"s:23:4:23:Infinity":1,"b:23:18:23:36:23:36:23:Infinity":2,"s:24:4:24:Infinity":2,"b:24:51:24:69:24:69:24:Infinity":3,"f:27:10:27:20":1,"b:28:4:28:Infinity:undefined:undefined:undefined:undefined":4,"s:28:4:28:Infinity":3,"s:28:23:28:Infinity":4,"s:30:35:30:Infinity":5,"s:31:30:31:Infinity":6,"s:32:30:32:Infinity":7,"s:34:4:34:Infinity":8,"f:37:10:37:24":2,"s:38:10:38:Infinity":9,"s:39:56:44:Infinity":10,"s:46:23:46:Infinity":11,"s:47:25:47:Infinity":12,"s:49:4:49:Infinity":13,"b:49:58:49:78:49:78:49:80":5,"f:52:2:52:8":3,"b:53:4:55:Infinity:undefined:undefined:undefined:undefined":6,"s:53:4:55:Infinity":14,"s:54:6:54:Infinity":15,"f:58:2:58:7":4,"b:59:4:61:Infinity:undefined:undefined:undefined:undefined":7,"s:59:4:61:Infinity":16,"s:60:6:60:Infinity":17,"f:64:2:64:7":5,"b:65:4:67:Infinity:undefined:undefined:undefined:undefined":8,"s:65:4:67:Infinity":18,"s:66:6:66:Infinity":19,"f:70:2:70:8":6,"b:71:4:73:Infinity:undefined:undefined:undefined:undefined":9,"s:71:4:73:Infinity":20,"s:72:6:72:Infinity":21,"f:76:2:76:11":7,"s:77:4:77:Infinity":22,"f:80:2:80:13":8,"s:81:4:81:Infinity":23,"s:86:22:86:Infinity":24}}}
,"/Users/super_user/projects/VY-Prompt-Master/src/types.ts": {"path":"/Users/super_user/projects/VY-Prompt-Master/src/types.ts","statementMap":{},"fnMap":{},"branchMap":{},"s":{},"f":{},"b":{},"meta":{"lastBranch":0,"lastFunction":0,"lastStatement":0,"seen":{}}}
,"/Users/super_user/projects/VY-Prompt-Master/src/generator/index.ts": {"path":"/Users/super_user/projects/VY-Prompt-Master/src/generator/index.ts","statementMap":{},"fnMap":{},"branchMap":{},"s":{},"f":{},"b":{},"meta":{"lastBranch":0,"lastFunction":0,"lastStatement":0,"seen":{}}}
,"/Users/super_user/projects/VY-Prompt-Master/src/generator/prompt-generator.ts": {"path":"/Users/super_user/projects/VY-Prompt-Master/src/generator/prompt-generator.ts","statementMap":{"0":{"start":{"line":12,"column":6},"end":{"line":12,"column":null}},"1":{"start":{"line":13,"column":6},"end":{"line":13,"column":null}},"2":{"start":{"line":16,"column":23},"end":{"line":19,"column":null}},"3":{"start":{"line":23,"column":10},"end":{"line":23,"column":null}},"4":{"start":{"line":26,"column":10},"end":{"line":26,"column":null}},"5":{"start":{"line":27,"column":28},"end":{"line":27,"column":null}},"6":{"start":{"line":29,"column":4},"end":{"line":32,"column":null}},"7":{"start":{"line":31,"column":8},"end":{"line":31,"column":null}},"8":{"start":{"line":35,"column":4},"end":{"line":35,"column":null}},"9":{"start":{"line":36,"column":4},"end":{"line":36,"column":null}},"10":{"start":{"line":38,"column":4},"end":{"line":38,"column":null}},"11":{"start":{"line":43,"column":22},"end":{"line":43,"column":null}},"12":{"start":{"line":45,"column":4},"end":{"line":48,"column":null}},"13":{"start":{"line":94,"column":25},"end":{"line":94,"column":null}},"14":{"start":{"line":96,"column":34},"end":{"line":98,"column":null}},"15":{"start":{"line":101,"column":4},"end":{"line":119,"column":null}},"16":{"start":{"line":102,"column":8},"end":{"line":105,"column":null}},"17":{"start":{"line":106,"column":8},"end":{"line":109,"column":null}},"18":{"start":{"line":110,"column":8},"end":{"line":113,"column":null}},"19":{"start":{"line":115,"column":8},"end":{"line":118,"column":null}},"20":{"start":{"line":121,"column":4},"end":{"line":124,"column":null}},"21":{"start":{"line":122,"column":8},"end":{"line":122,"column":null}},"22":{"start":{"line":123,"column":8},"end":{"line":123,"column":null}},"23":{"start":{"line":126,"column":21},"end":{"line":126,"column":null}},"24":{"start":{"line":128,"column":4},"end":{"line":133,"column":null}},"25":{"start":{"line":129,"column":8},"end":{"line":129,"column":null}},"26":{"start":{"line":130,"column":8},"end":{"line":132,"column":null}},"27":{"start":{"line":131,"column":12},"end":{"line":131,"column":null}},"28":{"start":{"line":136,"column":4},"end":{"line":136,"column":null}},"29":{"start":{"line":146,"column":26},"end":{"line":151,"column":null}},"30":{"start":{"line":153,"column":4},"end":{"line":158,"column":null}},"31":{"start":{"line":154,"column":22},"end":{"line":154,"column":null}},"32":{"start":{"line":155,"column":8},"end":{"line":157,"column":null}},"33":{"start":{"line":156,"column":12},"end":{"line":156,"column":null}},"34":{"start":{"line":161,"column":27},"end":{"line":161,"column":null}},"35":{"start":{"line":162,"column":4},"end":{"line":184,"column":null}},"36":{"start":{"line":168,"column":8},"end":{"line":170,"column":null}},"37":{"start":{"line":169,"column":12},"end":{"line":169,"column":null}},"38":{"start":{"line":173,"column":26},"end":{"line":177,"column":null}},"39":{"start":{"line":179,"column":8},"end":{"line":181,"column":null}},"40":{"start":{"line":180,"column":12},"end":{"line":180,"column":null}},"41":{"start":{"line":183,"column":8},"end":{"line":183,"column":null}},"42":{"start":{"line":187,"column":4},"end":{"line":187,"column":null}}},"fnMap":{"0":{"name":"loadFramework","decl":{"start":{"line":22,"column":9},"end":{"line":22,"column":33}},"loc":{"start":{"line":22,"column":33},"end":{"line":39,"column":null}},"line":22},"1":{"name":"buildSystemPrompt","decl":{"start":{"line":42,"column":9},"end":{"line":42,"column":37}},"loc":{"start":{"line":42,"column":37},"end":{"line":72,"column":null}},"line":42},"2":{"name":"generatePrompt","decl":{"start":{"line":89,"column":22},"end":{"line":89,"column":null}},"loc":{"start":{"line":93,"column":19},"end":{"line":137,"column":null}},"line":93},"3":{"name":"extractYaml","decl":{"start":{"line":144,"column":16},"end":{"line":144,"column":28}},"loc":{"start":{"line":144,"column":53},"end":{"line":188,"column":null}},"line":144}},"branchMap":{"0":{"loc":{"start":{"line":29,"column":4},"end":{"line":32,"column":null}},"type":"if","locations":[{"start":{"line":29,"column":4},"end":{"line":32,"column":null}},{"start":{},"end":{}}],"line":29},"1":{"loc":{"start":{"line":29,"column":8},"end":{"line":29,"column":83}},"type":"binary-expr","locations":[{"start":{"line":29,"column":8},"end":{"line":29,"column":34}},{"start":{"line":29,"column":34},"end":{"line":29,"column":83}}],"line":29},"2":{"loc":{"start":{"line":92,"column":4},"end":{"line":92,"column":null}},"type":"default-arg","locations":[{"start":{"line":92,"column":31},"end":{"line":92,"column":null}}],"line":92},"3":{"loc":{"start":{"line":101,"column":4},"end":{"line":119,"column":null}},"type":"if","locations":[{"start":{"line":101,"column":4},"end":{"line":119,"column":null}},{"start":{"line":114,"column":11},"end":{"line":119,"column":null}}],"line":101},"4":{"loc":{"start":{"line":121,"column":4},"end":{"line":124,"column":null}},"type":"if","locations":[{"start":{"line":121,"column":4},"end":{"line":124,"column":null}},{"start":{},"end":{}}],"line":121},"5":{"loc":{"start":{"line":128,"column":4},"end":{"line":133,"column":null}},"type":"if","locations":[{"start":{"line":128,"column":4},"end":{"line":133,"column":null}},{"start":{},"end":{}}],"line":128},"6":{"loc":{"start":{"line":130,"column":8},"end":{"line":132,"column":null}},"type":"if","locations":[{"start":{"line":130,"column":8},"end":{"line":132,"column":null}},{"start":{},"end":{}}],"line":130},"7":{"loc":{"start":{"line":155,"column":8},"end":{"line":157,"column":null}},"type":"if","locations":[{"start":{"line":155,"column":8},"end":{"line":157,"column":null}},{"start":{},"end":{}}],"line":155},"8":{"loc":{"start":{"line":155,"column":12},"end":{"line":155,"column":31}},"type":"binary-expr","locations":[{"start":{"line":155,"column":12},"end":{"line":155,"column":21}},{"start":{"line":155,"column":21},"end":{"line":155,"column":31}}],"line":155},"9":{"loc":{"start":{"line":162,"column":4},"end":{"line":184,"column":null}},"type":"if","locations":[{"start":{"line":162,"column":4},"end":{"line":184,"column":null}},{"start":{},"end":{}}],"line":162},"10":{"loc":{"start":{"line":162,"column":8},"end":{"line":165,"column":46}},"type":"binary-expr","locations":[{"start":{"line":162,"column":8},"end":{"line":162,"column":null}},{"start":{"line":163,"column":8},"end":{"line":163,"column":null}},{"start":{"line":164,"column":8},"end":{"line":164,"column":null}},{"start":{"line":165,"column":8},"end":{"line":165,"column":46}}],"line":162},"11":{"loc":{"start":{"line":168,"column":8},"end":{"line":170,"column":null}},"type":"if","locations":[{"start":{"line":168,"column":8},"end":{"line":170,"column":null}},{"start":{},"end":{}}],"line":168},"12":{"loc":{"start":{"line":174,"column":12},"end":{"line":174,"column":null}},"type":"cond-expr","locations":[{"start":{"line":174,"column":57},"end":{"line":174,"column":95}},{"start":{"line":174,"column":95},"end":{"line":174,"column":null}}],"line":174},"13":{"loc":{"start":{"line":175,"column":12},"end":{"line":175,"column":null}},"type":"cond-expr","locations":[{"start":{"line":175,"column":56},"end":{"line":175,"column":93}},{"start":{"line":175,"column":93},"end":{"line":175,"column":null}}],"line":175},"14":{"loc":{"start":{"line":176,"column":12},"end":{"line":176,"column":null}},"type":"cond-expr","locations":[{"start":{"line":176,"column":56},"end":{"line":176,"column":93}},{"start":{"line":176,"column":93},"end":{"line":176,"column":null}}],"line":176},"15":{"loc":{"start":{"line":179,"column":8},"end":{"line":181,"column":null}},"type":"if","locations":[{"start":{"line":179,"column":8},"end":{"line":181,"column":null}},{"start":{},"end":{}}],"line":179}},"s":{"0":1,"1":1,"2":1,"3":4,"4":4,"5":4,"6":4,"7":3,"8":1,"9":1,"10":1,"11":4,"12":4,"13":4,"14":4,"15":4,"16":1,"17":1,"18":1,"19":3,"20":4,"21":1,"22":1,"23":4,"24":4,"25":1,"26":1,"27":1,"28":4,"29":8,"30":8,"31":26,"32":26,"33":2,"34":6,"35":6,"36":5,"37":2,"38":3,"39":5,"40":3,"41":0,"42":1},"f":{"0":4,"1":4,"2":4,"3":8},"b":{"0":[3,1],"1":[4,3],"2":[4],"3":[1,3],"4":[1,3],"5":[1,3],"6":[1,0],"7":[2,24],"8":[26,2],"9":[5,1],"10":[6,4,1,1],"11":[2,3],"12":[3,0],"13":[2,1],"14":[0,3],"15":[3,2]},"meta":{"lastBranch":16,"lastFunction":4,"lastStatement":43,"seen":{"s:12:6:12:Infinity":0,"s:13:6:13:Infinity":1,"s:16:23:19:Infinity":2,"f:22:9:22:33":0,"s:23:10:23:Infinity":3,"s:26:10:26:Infinity":4,"s:27:28:27:Infinity":5,"b:29:4:32:Infinity:undefined:undefined:undefined:undefined":0,"s:29:4:32:Infinity":6,"b:29:8:29:34:29:34:29:83":1,"s:31:8:31:Infinity":7,"s:35:4:35:Infinity":8,"s:36:4:36:Infinity":9,"s:38:4:38:Infinity":10,"f:42:9:42:37":1,"s:43:22:43:Infinity":11,"s:45:4:48:Infinity":12,"f:89:22:89:Infinity":2,"b:92:31:92:Infinity":2,"s:94:25:94:Infinity":13,"s:96:34:98:Infinity":14,"b:101:4:119:Infinity:114:11:119:Infinity":3,"s:101:4:119:Infinity":15,"s:102:8:105:Infinity":16,"s:106:8:109:Infinity":17,"s:110:8:113:Infinity":18,"s:115:8:118:Infinity":19,"b:121:4:124:Infinity:undefined:undefined:undefined:undefined":4,"s:121:4:124:Infinity":20,"s:122:8:122:Infinity":21,"s:123:8:123:Infinity":22,"s:126:21:126:Infinity":23,"b:128:4:133:Infinity:undefined:undefined:undefined:undefined":5,"s:128:4:133:Infinity":24,"s:129:8:129:Infinity":25,"b:130:8:132:Infinity:undefined:undefined:undefined:undefined":6,"s:130:8:132:Infinity":26,"s:131:12:131:Infinity":27,"s:136:4:136:Infinity":28,"f:144:16:144:28":3,"s:146:26:151:Infinity":29,"s:153:4:158:Infinity":30,"s:154:22:154:Infinity":31,"b:155:8:157:Infinity:undefined:undefined:undefined:undefined":7,"s:155:8:157:Infinity":32,"b:155:12:155:21:155:21:155:31":8,"s:156:12:156:Infinity":33,"s:161:27:161:Infinity":34,"b:162:4:184:Infinity:undefined:undefined:undefined:undefined":9,"s:162:4:184:Infinity":35,"b:162:8:162:Infinity:163:8:163:Infinity:164:8:164:Infinity:165:8:165:46":10,"b:168:8:170:Infinity:undefined:undefined:undefined:undefined":11,"s:168:8:170:Infinity":36,"s:169:12:169:Infinity":37,"s:173:26:177:Infinity":38,"b:174:57:174:95:174:95:174:Infinity":12,"b:175:56:175:93:175:93:175:Infinity":13,"b:176:56:176:93:176:93:176:Infinity":14,"b:179:8:181:Infinity:undefined:undefined:undefined:undefined":15,"s:179:8:181:Infinity":39,"s:180:12:180:Infinity":40,"s:183:8:183:Infinity":41,"s:187:4:187:Infinity":42}}}
,"/Users/super_user/projects/VY-Prompt-Master/src/generator/ai-adapters/anthropic.ts": {"path":"/Users/super_user/projects/VY-Prompt-Master/src/generator/ai-adapters/anthropic.ts","statementMap":{"0":{"start":{"line":10,"column":20},"end":{"line":10,"column":null}},"1":{"start":{"line":11,"column":28},"end":{"line":11,"column":null}},"2":{"start":{"line":18,"column":8},"end":{"line":18,"column":null}},"3":{"start":{"line":19,"column":8},"end":{"line":19,"column":null}},"4":{"start":{"line":20,"column":8},"end":{"line":20,"column":null}},"5":{"start":{"line":25,"column":30},"end":{"line":25,"column":null}},"6":{"start":{"line":25,"column":49},"end":{"line":25,"column":68}},"7":{"start":{"line":26,"column":37},"end":{"line":31,"column":null}},"8":{"start":{"line":27,"column":25},"end":{"line":27,"column":44}},"9":{"start":{"line":28,"column":23},"end":{"line":31,"column":14}},"10":{"start":{"line":33,"column":8},"end":{"line":92,"column":null}},"11":{"start":{"line":35,"column":29},"end":{"line":48,"column":null}},"12":{"start":{"line":36,"column":22},"end":{"line":41,"column":null}},"13":{"start":{"line":51,"column":32},"end":{"line":54,"column":null}},"14":{"start":{"line":52,"column":33},"end":{"line":52,"column":54}},"15":{"start":{"line":53,"column":31},"end":{"line":53,"column":76}},"16":{"start":{"line":56,"column":12},"end":{"line":63,"column":null}},"17":{"start":{"line":66,"column":18},"end":{"line":66,"column":null}},"18":{"start":{"line":69,"column":12},"end":{"line":83,"column":null}},"19":{"start":{"line":71,"column":16},"end":{"line":73,"column":null}},"20":{"start":{"line":72,"column":20},"end":{"line":72,"column":null}},"21":{"start":{"line":76,"column":16},"end":{"line":78,"column":null}},"22":{"start":{"line":77,"column":20},"end":{"line":77,"column":null}},"23":{"start":{"line":82,"column":16},"end":{"line":82,"column":null}},"24":{"start":{"line":86,"column":12},"end":{"line":91,"column":null}},"25":{"start":{"line":88,"column":16},"end":{"line":88,"column":null}},"26":{"start":{"line":90,"column":16},"end":{"line":90,"column":null}}},"fnMap":{"0":{"name":"(anonymous_0)","decl":{"start":{"line":17,"column":4},"end":{"line":17,"column":16}},"loc":{"start":{"line":17,"column":41},"end":{"line":21,"column":null}},"line":17},"1":{"name":"(anonymous_1)","decl":{"start":{"line":23,"column":10},"end":{"line":23,"column":19}},"loc":{"start":{"line":23,"column":63},"end":{"line":93,"column":null}},"line":23},"2":{"name":"(anonymous_2)","decl":{"start":{"line":25,"column":44},"end":{"line":25,"column":49}},"loc":{"start":{"line":25,"column":49},"end":{"line":25,"column":68}},"line":25},"3":{"name":"(anonymous_3)","decl":{"start":{"line":27,"column":20},"end":{"line":27,"column":25}},"loc":{"start":{"line":27,"column":25},"end":{"line":27,"column":44}},"line":27},"4":{"name":"(anonymous_4)","decl":{"start":{"line":28,"column":17},"end":{"line":28,"column":23}},"loc":{"start":{"line":28,"column":23},"end":{"line":31,"column":14}},"line":28},"5":{"name":"(anonymous_5)","decl":{"start":{"line":36,"column":16},"end":{"line":36,"column":22}},"loc":{"start":{"line":36,"column":22},"end":{"line":41,"column":null}},"line":36},"6":{"name":"(anonymous_6)","decl":{"start":{"line":52,"column":24},"end":{"line":52,"column":33}},"loc":{"start":{"line":52,"column":33},"end":{"line":52,"column":54}},"line":52},"7":{"name":"(anonymous_7)","decl":{"start":{"line":53,"column":21},"end":{"line":53,"column":31}},"loc":{"start":{"line":53,"column":31},"end":{"line":53,"column":76}},"line":53}},"branchMap":{"0":{"loc":{"start":{"line":19,"column":21},"end":{"line":19,"column":null}},"type":"binary-expr","locations":[{"start":{"line":19,"column":21},"end":{"line":19,"column":37}},{"start":{"line":19,"column":37},"end":{"line":19,"column":null}}],"line":19},"1":{"loc":{"start":{"line":20,"column":25},"end":{"line":20,"column":null}},"type":"binary-expr","locations":[{"start":{"line":20,"column":25},"end":{"line":20,"column":45}},{"start":{"line":20,"column":45},"end":{"line":20,"column":null}}],"line":20},"2":{"loc":{"start":{"line":39,"column":28},"end":{"line":39,"column":null}},"type":"binary-expr","locations":[{"start":{"line":39,"column":28},"end":{"line":39,"column":54}},{"start":{"line":39,"column":54},"end":{"line":39,"column":null}}],"line":39},"3":{"loc":{"start":{"line":69,"column":12},"end":{"line":83,"column":null}},"type":"if","locations":[{"start":{"line":69,"column":12},"end":{"line":83,"column":null}},{"start":{},"end":{}}],"line":69},"4":{"loc":{"start":{"line":71,"column":16},"end":{"line":73,"column":null}},"type":"if","locations":[{"start":{"line":71,"column":16},"end":{"line":73,"column":null}},{"start":{},"end":{}}],"line":71},"5":{"loc":{"start":{"line":76,"column":16},"end":{"line":78,"column":null}},"type":"if","locations":[{"start":{"line":76,"column":16},"end":{"line":78,"column":null}},{"start":{},"end":{}}],"line":76},"6":{"loc":{"start":{"line":82,"column":70},"end":{"line":82,"column":121}},"type":"cond-expr","locations":[{"start":{"line":82,"column":100},"end":{"line":82,"column":112}},{"start":{"line":82,"column":112},"end":{"line":82,"column":121}}],"line":82},"7":{"loc":{"start":{"line":86,"column":12},"end":{"line":91,"column":null}},"type":"if","locations":[{"start":{"line":86,"column":12},"end":{"line":91,"column":null}},{"start":{"line":89,"column":19},"end":{"line":91,"column":null}}],"line":86}},"s":{"0":0,"1":0,"2":0,"3":0,"4":0,"5":0,"6":0,"7":0,"8":0,"9":0,"10":0,"11":0,"12":0,"13":0,"14":0,"15":0,"16":0,"17":0,"18":0,"19":0,"20":0,"21":0,"22":0,"23":0,"24":0,"25":0,"26":0},"f":{"0":0,"1":0,"2":0,"3":0,"4":0,"5":0,"6":0,"7":0},"b":{"0":[0,0],"1":[0,0],"2":[0,0],"3":[0,0],"4":[0,0],"5":[0,0],"6":[0,0],"7":[0,0]},"meta":{"lastBranch":8,"lastFunction":8,"lastStatement":27,"seen":{"s:10:20:10:Infinity":0,"s:11:28:11:Infinity":1,"f:17:4:17:16":0,"s:18:8:18:Infinity":2,"s:19:8:19:Infinity":3,"b:19:21:19:37:19:37:19:Infinity":0,"s:20:8:20:Infinity":4,"b:20:25:20:45:20:45:20:Infinity":1,"f:23:10:23:19":1,"s:25:30:25:Infinity":5,"f:25:44:25:49":2,"s:25:49:25:68":6,"s:26:37:31:Infinity":7,"f:27:20:27:25":3,"s:27:25:27:44":8,"f:28:17:28:23":4,"s:28:23:31:14":9,"s:33:8:92:Infinity":10,"s:35:29:48:Infinity":11,"f:36:16:36:22":5,"s:36:22:41:Infinity":12,"b:39:28:39:54:39:54:39:Infinity":2,"s:51:32:54:Infinity":13,"f:52:24:52:33":6,"s:52:33:52:54":14,"f:53:21:53:31":7,"s:53:31:53:76":15,"s:56:12:63:Infinity":16,"s:66:18:66:Infinity":17,"b:69:12:83:Infinity:undefined:undefined:undefined:undefined":3,"s:69:12:83:Infinity":18,"b:71:16:73:Infinity:undefined:undefined:undefined:undefined":4,"s:71:16:73:Infinity":19,"s:72:20:72:Infinity":20,"b:76:16:78:Infinity:undefined:undefined:undefined:undefined":5,"s:76:16:78:Infinity":21,"s:77:20:77:Infinity":22,"s:82:16:82:Infinity":23,"b:82:100:82:112:82:112:82:121":6,"b:86:12:91:Infinity:89:19:91:Infinity":7,"s:86:12:91:Infinity":24,"s:88:16:88:Infinity":25,"s:90:16:90:Infinity":26}}}
,"/Users/super_user/projects/VY-Prompt-Master/src/generator/ai-adapters/base.ts": {"path":"/Users/super_user/projects/VY-Prompt-Master/src/generator/ai-adapters/base.ts","statementMap":{},"fnMap":{},"branchMap":{},"s":{},"f":{},"b":{},"meta":{"lastBranch":0,"lastFunction":0,"lastStatement":0,"seen":{}}}
,"/Users/super_user/projects/VY-Prompt-Master/src/generator/ai-adapters/index.ts": {"path":"/Users/super_user/projects/VY-Prompt-Master/src/generator/ai-adapters/index.ts","statementMap":{"0":{"start":{"line":24,"column":4},"end":{"line":33,"column":null}},"1":{"start":{"line":26,"column":12},"end":{"line":26,"column":null}},"2":{"start":{"line":28,"column":12},"end":{"line":28,"column":null}},"3":{"start":{"line":30,"column":12},"end":{"line":30,"column":null}},"4":{"start":{"line":32,"column":12},"end":{"line":32,"column":null}}},"fnMap":{"0":{"name":"createAdapter","decl":{"start":{"line":23,"column":16},"end":{"line":23,"column":30}},"loc":{"start":{"line":23,"column":90},"end":{"line":34,"column":null}},"line":23}},"branchMap":{"0":{"loc":{"start":{"line":24,"column":4},"end":{"line":33,"column":null}},"type":"switch","locations":[{"start":{"line":25,"column":8},"end":{"line":26,"column":null}},{"start":{"line":27,"column":8},"end":{"line":28,"column":null}},{"start":{"line":29,"column":8},"end":{"line":30,"column":null}},{"start":{"line":31,"column":8},"end":{"line":32,"column":null}}],"line":24}},"s":{"0":0,"1":0,"2":0,"3":0,"4":0},"f":{"0":0},"b":{"0":[0,0,0,0]},"meta":{"lastBranch":1,"lastFunction":1,"lastStatement":5,"seen":{"f:23:16:23:30":0,"b:25:8:26:Infinity:27:8:28:Infinity:29:8:30:Infinity:31:8:32:Infinity":0,"s:24:4:33:Infinity":0,"s:26:12:26:Infinity":1,"s:28:12:28:Infinity":2,"s:30:12:30:Infinity":3,"s:32:12:32:Infinity":4}}}
,"/Users/super_user/projects/VY-Prompt-Master/src/generator/ai-adapters/mock.ts": {"path":"/Users/super_user/projects/VY-Prompt-Master/src/generator/ai-adapters/mock.ts","statementMap":{"0":{"start":{"line":9,"column":20},"end":{"line":9,"column":null}},"1":{"start":{"line":10,"column":28},"end":{"line":10,"column":null}},"2":{"start":{"line":15,"column":8},"end":{"line":15,"column":null}},"3":{"start":{"line":20,"column":29},"end":{"line":20,"column":null}},"4":{"start":{"line":52,"column":8},"end":{"line":59,"column":null}}},"fnMap":{"0":{"name":"(anonymous_0)","decl":{"start":{"line":14,"column":4},"end":{"line":14,"column":16}},"loc":{"start":{"line":14,"column":41},"end":{"line":16,"column":null}},"line":14},"1":{"name":"(anonymous_1)","decl":{"start":{"line":18,"column":10},"end":{"line":18,"column":19}},"loc":{"start":{"line":18,"column":64},"end":{"line":60,"column":null}},"line":18}},"branchMap":{"0":{"loc":{"start":{"line":15,"column":21},"end":{"line":15,"column":null}},"type":"binary-expr","locations":[{"start":{"line":15,"column":21},"end":{"line":15,"column":37}},{"start":{"line":15,"column":37},"end":{"line":15,"column":null}}],"line":15}},"s":{"0":0,"1":0,"2":0,"3":0,"4":0},"f":{"0":0,"1":0},"b":{"0":[0,0]},"meta":{"lastBranch":1,"lastFunction":2,"lastStatement":5,"seen":{"s:9:20:9:Infinity":0,"s:10:28:10:Infinity":1,"f:14:4:14:16":0,"s:15:8:15:Infinity":2,"b:15:21:15:37:15:37:15:Infinity":0,"f:18:10:18:19":1,"s:20:29:20:Infinity":3,"s:52:8:59:Infinity":4}}}
,"/Users/super_user/projects/VY-Prompt-Master/src/generator/ai-adapters/openai.ts": {"path":"/Users/super_user/projects/VY-Prompt-Master/src/generator/ai-adapters/openai.ts","statementMap":{"0":{"start":{"line":10,"column":20},"end":{"line":10,"column":null}},"1":{"start":{"line":11,"column":28},"end":{"line":11,"column":null}},"2":{"start":{"line":18,"column":8},"end":{"line":18,"column":null}},"3":{"start":{"line":19,"column":8},"end":{"line":19,"column":null}},"4":{"start":{"line":20,"column":8},"end":{"line":20,"column":null}},"5":{"start":{"line":24,"column":31},"end":{"line":27,"column":null}},"6":{"start":{"line":24,"column":50},"end":{"line":27,"column":10}},"7":{"start":{"line":29,"column":8},"end":{"line":83,"column":null}},"8":{"start":{"line":31,"column":29},"end":{"line":43,"column":null}},"9":{"start":{"line":32,"column":22},"end":{"line":36,"column":null}},"10":{"start":{"line":45,"column":28},"end":{"line":45,"column":null}},"11":{"start":{"line":47,"column":12},"end":{"line":54,"column":null}},"12":{"start":{"line":57,"column":18},"end":{"line":57,"column":null}},"13":{"start":{"line":60,"column":12},"end":{"line":74,"column":null}},"14":{"start":{"line":62,"column":16},"end":{"line":64,"column":null}},"15":{"start":{"line":63,"column":20},"end":{"line":63,"column":null}},"16":{"start":{"line":67,"column":16},"end":{"line":69,"column":null}},"17":{"start":{"line":68,"column":20},"end":{"line":68,"column":null}},"18":{"start":{"line":73,"column":16},"end":{"line":73,"column":null}},"19":{"start":{"line":77,"column":12},"end":{"line":82,"column":null}},"20":{"start":{"line":79,"column":16},"end":{"line":79,"column":null}},"21":{"start":{"line":81,"column":16},"end":{"line":81,"column":null}}},"fnMap":{"0":{"name":"(anonymous_0)","decl":{"start":{"line":17,"column":4},"end":{"line":17,"column":16}},"loc":{"start":{"line":17,"column":41},"end":{"line":21,"column":null}},"line":17},"1":{"name":"(anonymous_1)","decl":{"start":{"line":23,"column":10},"end":{"line":23,"column":19}},"loc":{"start":{"line":23,"column":63},"end":{"line":84,"column":null}},"line":23},"2":{"name":"(anonymous_2)","decl":{"start":{"line":24,"column":44},"end":{"line":24,"column":50}},"loc":{"start":{"line":24,"column":50},"end":{"line":27,"column":10}},"line":24},"3":{"name":"(anonymous_3)","decl":{"start":{"line":32,"column":16},"end":{"line":32,"column":22}},"loc":{"start":{"line":32,"column":22},"end":{"line":36,"column":null}},"line":32}},"branchMap":{"0":{"loc":{"start":{"line":19,"column":21},"end":{"line":19,"column":null}},"type":"binary-expr","locations":[{"start":{"line":19,"column":21},"end":{"line":19,"column":37}},{"start":{"line":19,"column":37},"end":{"line":19,"column":null}}],"line":19},"1":{"loc":{"start":{"line":20,"column":25},"end":{"line":20,"column":null}},"type":"binary-expr","locations":[{"start":{"line":20,"column":25},"end":{"line":20,"column":45}},{"start":{"line":20,"column":45},"end":{"line":20,"column":null}}],"line":20},"2":{"loc":{"start":{"line":45,"column":28},"end":{"line":45,"column":null}},"type":"binary-expr","locations":[{"start":{"line":45,"column":28},"end":{"line":45,"column":69}},{"start":{"line":45,"column":69},"end":{"line":45,"column":null}}],"line":45},"3":{"loc":{"start":{"line":50,"column":23},"end":{"line":53,"column":null}},"type":"cond-expr","locations":[{"start":{"line":50,"column":40},"end":{"line":53,"column":20}},{"start":{"line":53,"column":20},"end":{"line":53,"column":null}}],"line":50},"4":{"loc":{"start":{"line":60,"column":12},"end":{"line":74,"column":null}},"type":"if","locations":[{"start":{"line":60,"column":12},"end":{"line":74,"column":null}},{"start":{},"end":{}}],"line":60},"5":{"loc":{"start":{"line":62,"column":16},"end":{"line":64,"column":null}},"type":"if","locations":[{"start":{"line":62,"column":16},"end":{"line":64,"column":null}},{"start":{},"end":{}}],"line":62},"6":{"loc":{"start":{"line":67,"column":16},"end":{"line":69,"column":null}},"type":"if","locations":[{"start":{"line":67,"column":16},"end":{"line":69,"column":null}},{"start":{},"end":{}}],"line":67},"7":{"loc":{"start":{"line":73,"column":67},"end":{"line":73,"column":118}},"type":"cond-expr","locations":[{"start":{"line":73,"column":97},"end":{"line":73,"column":109}},{"start":{"line":73,"column":109},"end":{"line":73,"column":118}}],"line":73},"8":{"loc":{"start":{"line":77,"column":12},"end":{"line":82,"column":null}},"type":"if","locations":[{"start":{"line":77,"column":12},"end":{"line":82,"column":null}},{"start":{"line":80,"column":19},"end":{"line":82,"column":null}}],"line":77}},"s":{"0":0,"1":0,"2":0,"3":0,"4":0,"5":0,"6":0,"7":0,"8":0,"9":0,"10":0,"11":0,"12":0,"13":0,"14":0,"15":0,"16":0,"17":0,"18":0,"19":0,"20":0,"21":0},"f":{"0":0,"1":0,"2":0,"3":0},"b":{"0":[0,0],"1":[0,0],"2":[0,0],"3":[0,0],"4":[0,0],"5":[0,0],"6":[0,0],"7":[0,0],"8":[0,0]},"meta":{"lastBranch":9,"lastFunction":4,"lastStatement":22,"seen":{"s:10:20:10:Infinity":0,"s:11:28:11:Infinity":1,"f:17:4:17:16":0,"s:18:8:18:Infinity":2,"s:19:8:19:Infinity":3,"b:19:21:19:37:19:37:19:Infinity":0,"s:20:8:20:Infinity":4,"b:20:25:20:45:20:45:20:Infinity":1,"f:23:10:23:19":1,"s:24:31:27:Infinity":5,"f:24:44:24:50":2,"s:24:50:27:10":6,"s:29:8:83:Infinity":7,"s:31:29:43:Infinity":8,"f:32:16:32:22":3,"s:32:22:36:Infinity":9,"s:45:28:45:Infinity":10,"b:45:28:45:69:45:69:45:Infinity":2,"s:47:12:54:Infinity":11,"b:50:40:53:20:53:20:53:Infinity":3,"s:57:18:57:Infinity":12,"b:60:12:74:Infinity:undefined:undefined:undefined:undefined":4,"s:60:12:74:Infinity":13,"b:62:16:64:Infinity:undefined:undefined:undefined:undefined":5,"s:62:16:64:Infinity":14,"s:63:20:63:Infinity":15,"b:67:16:69:Infinity:undefined:undefined:undefined:undefined":6,"s:67:16:69:Infinity":16,"s:68:20:68:Infinity":17,"s:73:16:73:Infinity":18,"b:73:97:73:109:73:109:73:118":7,"b:77:12:82:Infinity:80:19:82:Infinity":8,"s:77:12:82:Infinity":19,"s:79:16:79:Infinity":20,"s:81:16:81:Infinity":21}}}
,"/Users/super_user/projects/VY-Prompt-Master/src/orchestrator/index.ts": {"path":"/Users/super_user/projects/VY-Prompt-Master/src/orchestrator/index.ts","statementMap":{"0":{"start":{"line":56,"column":4},"end":{"line":56,"column":null}},"1":{"start":{"line":58,"column":10},"end":{"line":58,"column":null}},"2":{"start":{"line":60,"column":4},"end":{"line":62,"column":null}},"3":{"start":{"line":61,"column":8},"end":{"line":61,"column":null}},"4":{"start":{"line":64,"column":4},"end":{"line":74,"column":null}},"5":{"start":{"line":65,"column":8},"end":{"line":73,"column":null}},"6":{"start":{"line":76,"column":4},"end":{"line":87,"column":null}},"7":{"start":{"line":77,"column":8},"end":{"line":86,"column":null}},"8":{"start":{"line":84,"column":65},"end":{"line":84,"column":80}},"9":{"start":{"line":89,"column":4},"end":{"line":89,"column":null}},"10":{"start":{"line":99,"column":4},"end":{"line":99,"column":null}},"11":{"start":{"line":101,"column":43},"end":{"line":104,"column":null}},"12":{"start":{"line":105,"column":4},"end":{"line":105,"column":null}},"13":{"start":{"line":131,"column":4},"end":{"line":134,"column":null}},"14":{"start":{"line":136,"column":4},"end":{"line":138,"column":null}},"15":{"start":{"line":137,"column":8},"end":{"line":137,"column":null}},"16":{"start":{"line":141,"column":4},"end":{"line":151,"column":null}},"17":{"start":{"line":142,"column":8},"end":{"line":145,"column":null}},"18":{"start":{"line":142,"column":38},"end":{"line":145,"column":12}},"19":{"start":{"line":147,"column":20},"end":{"line":147,"column":null}},"20":{"start":{"line":148,"column":8},"end":{"line":150,"column":null}},"21":{"start":{"line":154,"column":4},"end":{"line":156,"column":null}},"22":{"start":{"line":159,"column":10},"end":{"line":159,"column":null}},"23":{"start":{"line":161,"column":4},"end":{"line":164,"column":null}},"24":{"start":{"line":162,"column":8},"end":{"line":162,"column":null}},"25":{"start":{"line":163,"column":8},"end":{"line":163,"column":null}},"26":{"start":{"line":166,"column":4},"end":{"line":166,"column":null}},"27":{"start":{"line":187,"column":4},"end":{"line":203,"column":null}},"28":{"start":{"line":189,"column":8},"end":{"line":195,"column":null}},"29":{"start":{"line":190,"column":12},"end":{"line":194,"column":null}},"30":{"start":{"line":198,"column":25},"end":{"line":198,"column":null}},"31":{"start":{"line":198,"column":70},"end":{"line":198,"column":107}},"32":{"start":{"line":199,"column":8},"end":{"line":202,"column":null}},"33":{"start":{"line":206,"column":4},"end":{"line":210,"column":null}},"34":{"start":{"line":223,"column":26},"end":{"line":223,"column":null}},"35":{"start":{"line":226,"column":44},"end":{"line":226,"column":null}},"36":{"start":{"line":228,"column":4},"end":{"line":230,"column":null}},"37":{"start":{"line":229,"column":8},"end":{"line":229,"column":null}},"38":{"start":{"line":233,"column":20},"end":{"line":233,"column":null}},"39":{"start":{"line":237,"column":31},"end":{"line":237,"column":null}},"40":{"start":{"line":238,"column":33},"end":{"line":238,"column":null}},"41":{"start":{"line":240,"column":4},"end":{"line":288,"column":null}},"42":{"start":{"line":240,"column":25},"end":{"line":240,"column":28}},"43":{"start":{"line":242,"column":28},"end":{"line":249,"column":null}},"44":{"start":{"line":251,"column":8},"end":{"line":258,"column":null}},"45":{"start":{"line":252,"column":12},"end":{"line":257,"column":null}},"46":{"start":{"line":261,"column":30},"end":{"line":261,"column":null}},"47":{"start":{"line":263,"column":8},"end":{"line":276,"column":null}},"48":{"start":{"line":264,"column":12},"end":{"line":266,"column":null}},"49":{"start":{"line":268,"column":12},"end":{"line":275,"column":null}},"50":{"start":{"line":279,"column":8},"end":{"line":279,"column":null}},"51":{"start":{"line":279,"column":77},"end":{"line":279,"column":114}},"52":{"start":{"line":280,"column":8},"end":{"line":280,"column":null}},"53":{"start":{"line":280,"column":81},"end":{"line":280,"column":118}},"54":{"start":{"line":283,"column":8},"end":{"line":285,"column":null}},"55":{"start":{"line":284,"column":12},"end":{"line":284,"column":null}},"56":{"start":{"line":287,"column":8},"end":{"line":287,"column":null}},"57":{"start":{"line":291,"column":23},"end":{"line":291,"column":null}},"58":{"start":{"line":292,"column":4},"end":{"line":296,"column":null}},"59":{"start":{"line":298,"column":4},"end":{"line":305,"column":null}},"60":{"start":{"line":320,"column":34},"end":{"line":320,"column":null}},"61":{"start":{"line":322,"column":4},"end":{"line":342,"column":null}},"62":{"start":{"line":322,"column":17},"end":{"line":322,"column":20}},"63":{"start":{"line":323,"column":8},"end":{"line":341,"column":null}},"64":{"start":{"line":324,"column":12},"end":{"line":324,"column":null}},"65":{"start":{"line":326,"column":12},"end":{"line":326,"column":null}},"66":{"start":{"line":329,"column":12},"end":{"line":337,"column":null}},"67":{"start":{"line":331,"column":48},"end":{"line":331,"column":92}},"68":{"start":{"line":334,"column":30},"end":{"line":334,"column":null}},"69":{"start":{"line":335,"column":16},"end":{"line":335,"column":null}},"70":{"start":{"line":335,"column":45},"end":{"line":335,"column":71}},"71":{"start":{"line":336,"column":16},"end":{"line":336,"column":null}},"72":{"start":{"line":340,"column":12},"end":{"line":340,"column":null}},"73":{"start":{"line":345,"column":4},"end":{"line":345,"column":null}},"74":{"start":{"line":359,"column":10},"end":{"line":359,"column":null}},"75":{"start":{"line":361,"column":4},"end":{"line":365,"column":null}},"76":{"start":{"line":362,"column":8},"end":{"line":362,"column":null}},"77":{"start":{"line":363,"column":8},"end":{"line":363,"column":null}},"78":{"start":{"line":364,"column":8},"end":{"line":364,"column":null}},"79":{"start":{"line":367,"column":4},"end":{"line":371,"column":null}},"80":{"start":{"line":369,"column":42},"end":{"line":369,"column":79}},"81":{"start":{"line":370,"column":46},"end":{"line":370,"column":83}}},"fnMap":{"0":{"name":"performPolicyClassification","decl":{"start":{"line":51,"column":15},"end":{"line":51,"column":null}},"loc":{"start":{"line":54,"column":69},"end":{"line":90,"column":null}},"line":54},"1":{"name":"(anonymous_1)","decl":{"start":{"line":84,"column":60},"end":{"line":84,"column":65}},"loc":{"start":{"line":84,"column":65},"end":{"line":84,"column":80}},"line":84},"2":{"name":"createAIAdapter","decl":{"start":{"line":97,"column":9},"end":{"line":97,"column":25}},"loc":{"start":{"line":97,"column":54},"end":{"line":106,"column":null}},"line":97},"3":{"name":"performGenerationCycle","decl":{"start":{"line":118,"column":15},"end":{"line":118,"column":null}},"loc":{"start":{"line":129,"column":3},"end":{"line":167,"column":null}},"line":129},"4":{"name":"(anonymous_4)","decl":{"start":{"line":142,"column":38},"end":{"line":142,"column":44}},"loc":{"start":{"line":142,"column":38},"end":{"line":145,"column":12}},"line":142},"5":{"name":"processValidationResult","decl":{"start":{"line":175,"column":9},"end":{"line":175,"column":null}},"loc":{"start":{"line":185,"column":2},"end":{"line":211,"column":null}},"line":185},"6":{"name":"(anonymous_6)","decl":{"start":{"line":198,"column":58},"end":{"line":198,"column":59}},"loc":{"start":{"line":198,"column":70},"end":{"line":198,"column":107}},"line":198},"7":{"name":"orchestrate","decl":{"start":{"line":219,"column":22},"end":{"line":219,"column":null}},"loc":{"start":{"line":222,"column":30},"end":{"line":306,"column":null}},"line":222},"8":{"name":"(anonymous_8)","decl":{"start":{"line":279,"column":65},"end":{"line":279,"column":66}},"loc":{"start":{"line":279,"column":77},"end":{"line":279,"column":114}},"line":279},"9":{"name":"(anonymous_9)","decl":{"start":{"line":280,"column":69},"end":{"line":280,"column":70}},"loc":{"start":{"line":280,"column":81},"end":{"line":280,"column":118}},"line":280},"10":{"name":"retryWithBackoff","decl":{"start":{"line":315,"column":15},"end":{"line":315,"column":null}},"loc":{"start":{"line":319,"column":14},"end":{"line":346,"column":null}},"line":319},"11":{"name":"(anonymous_11)","decl":{"start":{"line":331,"column":40},"end":{"line":331,"column":48}},"loc":{"start":{"line":331,"column":48},"end":{"line":331,"column":92}},"line":331},"12":{"name":"(anonymous_12)","decl":{"start":{"line":335,"column":34},"end":{"line":335,"column":45}},"loc":{"start":{"line":335,"column":45},"end":{"line":335,"column":71}},"line":335},"13":{"name":"validateYaml","decl":{"start":{"line":354,"column":16},"end":{"line":354,"column":29}},"loc":{"start":{"line":358,"column":2},"end":{"line":372,"column":null}},"line":358},"14":{"name":"(anonymous_14)","decl":{"start":{"line":369,"column":37},"end":{"line":369,"column":42}},"loc":{"start":{"line":369,"column":42},"end":{"line":369,"column":79}},"line":369},"15":{"name":"(anonymous_15)","decl":{"start":{"line":370,"column":41},"end":{"line":370,"column":46}},"loc":{"start":{"line":370,"column":46},"end":{"line":370,"column":83}},"line":370}},"branchMap":{"0":{"loc":{"start":{"line":60,"column":4},"end":{"line":62,"column":null}},"type":"if","locations":[{"start":{"line":60,"column":4},"end":{"line":62,"column":null}},{"start":{},"end":{}}],"line":60},"1":{"loc":{"start":{"line":64,"column":4},"end":{"line":74,"column":null}},"type":"if","locations":[{"start":{"line":64,"column":4},"end":{"line":74,"column":null}},{"start":{},"end":{}}],"line":64},"2":{"loc":{"start":{"line":71,"column":25},"end":{"line":71,"column":90}},"type":"binary-expr","locations":[{"start":{"line":71,"column":25},"end":{"line":71,"column":50}},{"start":{"line":71,"column":50},"end":{"line":71,"column":90}}],"line":71},"3":{"loc":{"start":{"line":76,"column":4},"end":{"line":87,"column":null}},"type":"if","locations":[{"start":{"line":76,"column":4},"end":{"line":87,"column":null}},{"start":{},"end":{}}],"line":76},"4":{"loc":{"start":{"line":102,"column":16},"end":{"line":102,"column":null}},"type":"binary-expr","locations":[{"start":{"line":102,"column":16},"end":{"line":102,"column":34}},{"start":{"line":102,"column":34},"end":{"line":102,"column":null}}],"line":102},"5":{"loc":{"start":{"line":136,"column":4},"end":{"line":138,"column":null}},"type":"if","locations":[{"start":{"line":136,"column":4},"end":{"line":138,"column":null}},{"start":{},"end":{}}],"line":136},"6":{"loc":{"start":{"line":161,"column":4},"end":{"line":164,"column":null}},"type":"if","locations":[{"start":{"line":161,"column":4},"end":{"line":164,"column":null}},{"start":{},"end":{}}],"line":161},"7":{"loc":{"start":{"line":162,"column":35},"end":{"line":162,"column":79}},"type":"cond-expr","locations":[{"start":{"line":162,"column":60},"end":{"line":162,"column":71}},{"start":{"line":162,"column":71},"end":{"line":162,"column":79}}],"line":162},"8":{"loc":{"start":{"line":187,"column":4},"end":{"line":203,"column":null}},"type":"if","locations":[{"start":{"line":187,"column":4},"end":{"line":203,"column":null}},{"start":{},"end":{}}],"line":187},"9":{"loc":{"start":{"line":189,"column":8},"end":{"line":195,"column":null}},"type":"if","locations":[{"start":{"line":189,"column":8},"end":{"line":195,"column":null}},{"start":{},"end":{}}],"line":189},"10":{"loc":{"start":{"line":189,"column":12},"end":{"line":189,"column":71}},"type":"binary-expr","locations":[{"start":{"line":189,"column":12},"end":{"line":189,"column":30}},{"start":{"line":189,"column":30},"end":{"line":189,"column":71}}],"line":189},"11":{"loc":{"start":{"line":201,"column":22},"end":{"line":201,"column":null}},"type":"cond-expr","locations":[{"start":{"line":201,"column":44},"end":{"line":201,"column":55}},{"start":{"line":201,"column":55},"end":{"line":201,"column":null}}],"line":201},"12":{"loc":{"start":{"line":223,"column":26},"end":{"line":223,"column":null}},"type":"binary-expr","locations":[{"start":{"line":223,"column":26},"end":{"line":223,"column":51}},{"start":{"line":223,"column":51},"end":{"line":223,"column":null}}],"line":223},"13":{"loc":{"start":{"line":228,"column":4},"end":{"line":230,"column":null}},"type":"if","locations":[{"start":{"line":228,"column":4},"end":{"line":230,"column":null}},{"start":{},"end":{}}],"line":228},"14":{"loc":{"start":{"line":251,"column":8},"end":{"line":258,"column":null}},"type":"if","locations":[{"start":{"line":251,"column":8},"end":{"line":258,"column":null}},{"start":{},"end":{}}],"line":251},"15":{"loc":{"start":{"line":263,"column":8},"end":{"line":276,"column":null}},"type":"if","locations":[{"start":{"line":263,"column":8},"end":{"line":276,"column":null}},{"start":{},"end":{}}],"line":263},"16":{"loc":{"start":{"line":283,"column":8},"end":{"line":285,"column":null}},"type":"if","locations":[{"start":{"line":283,"column":8},"end":{"line":285,"column":null}},{"start":{},"end":{}}],"line":283},"17":{"loc":{"start":{"line":329,"column":12},"end":{"line":337,"column":null}},"type":"if","locations":[{"start":{"line":329,"column":12},"end":{"line":337,"column":null}},{"start":{},"end":{}}],"line":329},"18":{"loc":{"start":{"line":329,"column":16},"end":{"line":331,"column":95}},"type":"binary-expr","locations":[{"start":{"line":329,"column":16},"end":{"line":329,"column":null}},{"start":{"line":330,"column":16},"end":{"line":330,"column":null}},{"start":{"line":331,"column":16},"end":{"line":331,"column":95}}],"line":329},"19":{"loc":{"start":{"line":345,"column":10},"end":{"line":345,"column":null}},"type":"binary-expr","locations":[{"start":{"line":345,"column":10},"end":{"line":345,"column":23}},{"start":{"line":345,"column":23},"end":{"line":345,"column":null}}],"line":345},"20":{"loc":{"start":{"line":354,"column":50},"end":{"line":354,"column":null}},"type":"default-arg","locations":[{"start":{"line":354,"column":60},"end":{"line":354,"column":null}}],"line":354},"21":{"loc":{"start":{"line":361,"column":4},"end":{"line":365,"column":null}},"type":"if","locations":[{"start":{"line":361,"column":4},"end":{"line":365,"column":null}},{"start":{},"end":{}}],"line":361}},"s":{"0":7,"1":7,"2":7,"3":0,"4":7,"5":1,"6":6,"7":1,"8":2,"9":5,"10":5,"11":5,"12":5,"13":7,"14":7,"15":0,"16":7,"17":7,"18":7,"19":1,"20":1,"21":6,"22":7,"23":7,"24":0,"25":0,"26":6,"27":6,"28":3,"29":0,"30":3,"31":1,"32":3,"33":3,"34":7,"35":7,"36":7,"37":2,"38":5,"39":5,"40":5,"41":5,"42":5,"43":7,"44":7,"45":1,"46":6,"47":6,"48":3,"49":3,"50":3,"51":3,"52":3,"53":0,"54":3,"55":0,"56":3,"57":3,"58":3,"59":7,"60":7,"61":7,"62":7,"63":7,"64":7,"65":1,"66":1,"67":0,"68":0,"69":0,"70":0,"71":0,"72":1,"73":0,"74":2,"75":2,"76":0,"77":0,"78":0,"79":2,"80":1,"81":1},"f":{"0":7,"1":2,"2":5,"3":7,"4":7,"5":6,"6":1,"7":7,"8":3,"9":0,"10":7,"11":0,"12":0,"13":2,"14":1,"15":1},"b":{"0":[0,7],"1":[1,6],"2":[1,0],"3":[1,5],"4":[5,0],"5":[0,7],"6":[0,7],"7":[0,0],"8":[3,3],"9":[0,3],"10":[3,0],"11":[1,2],"12":[7,6],"13":[2,5],"14":[1,6],"15":[3,3],"16":[0,3],"17":[0,1],"18":[1,1,0],"19":[0,0],"20":[2],"21":[0,2]},"meta":{"lastBranch":22,"lastFunction":16,"lastStatement":82,"seen":{"f:51:15:51:Infinity":0,"s:56:4:56:Infinity":0,"s:58:10:58:Infinity":1,"b:60:4:62:Infinity:undefined:undefined:undefined:undefined":0,"s:60:4:62:Infinity":2,"s:61:8:61:Infinity":3,"b:64:4:74:Infinity:undefined:undefined:undefined:undefined":1,"s:64:4:74:Infinity":4,"s:65:8:73:Infinity":5,"b:71:25:71:50:71:50:71:90":2,"b:76:4:87:Infinity:undefined:undefined:undefined:undefined":3,"s:76:4:87:Infinity":6,"s:77:8:86:Infinity":7,"f:84:60:84:65":1,"s:84:65:84:80":8,"s:89:4:89:Infinity":9,"f:97:9:97:25":2,"s:99:4:99:Infinity":10,"s:101:43:104:Infinity":11,"b:102:16:102:34:102:34:102:Infinity":4,"s:105:4:105:Infinity":12,"f:118:15:118:Infinity":3,"s:131:4:134:Infinity":13,"b:136:4:138:Infinity:undefined:undefined:undefined:undefined":5,"s:136:4:138:Infinity":14,"s:137:8:137:Infinity":15,"s:141:4:151:Infinity":16,"s:142:8:145:Infinity":17,"f:142:38:142:44":4,"s:142:38:145:12":18,"s:147:20:147:Infinity":19,"s:148:8:150:Infinity":20,"s:154:4:156:Infinity":21,"s:159:10:159:Infinity":22,"b:161:4:164:Infinity:undefined:undefined:undefined:undefined":6,"s:161:4:164:Infinity":23,"s:162:8:162:Infinity":24,"b:162:60:162:71:162:71:162:79":7,"s:163:8:163:Infinity":25,"s:166:4:166:Infinity":26,"f:175:9:175:Infinity":5,"b:187:4:203:Infinity:undefined:undefined:undefined:undefined":8,"s:187:4:203:Infinity":27,"b:189:8:195:Infinity:undefined:undefined:undefined:undefined":9,"s:189:8:195:Infinity":28,"b:189:12:189:30:189:30:189:71":10,"s:190:12:194:Infinity":29,"s:198:25:198:Infinity":30,"f:198:58:198:59":6,"s:198:70:198:107":31,"s:199:8:202:Infinity":32,"b:201:44:201:55:201:55:201:Infinity":11,"s:206:4:210:Infinity":33,"f:219:22:219:Infinity":7,"s:223:26:223:Infinity":34,"b:223:26:223:51:223:51:223:Infinity":12,"s:226:44:226:Infinity":35,"b:228:4:230:Infinity:undefined:undefined:undefined:undefined":13,"s:228:4:230:Infinity":36,"s:229:8:229:Infinity":37,"s:233:20:233:Infinity":38,"s:237:31:237:Infinity":39,"s:238:33:238:Infinity":40,"s:240:4:288:Infinity":41,"s:240:25:240:28":42,"s:242:28:249:Infinity":43,"b:251:8:258:Infinity:undefined:undefined:undefined:undefined":14,"s:251:8:258:Infinity":44,"s:252:12:257:Infinity":45,"s:261:30:261:Infinity":46,"b:263:8:276:Infinity:undefined:undefined:undefined:undefined":15,"s:263:8:276:Infinity":47,"s:264:12:266:Infinity":48,"s:268:12:275:Infinity":49,"s:279:8:279:Infinity":50,"f:279:65:279:66":8,"s:279:77:279:114":51,"s:280:8:280:Infinity":52,"f:280:69:280:70":9,"s:280:81:280:118":53,"b:283:8:285:Infinity:undefined:undefined:undefined:undefined":16,"s:283:8:285:Infinity":54,"s:284:12:284:Infinity":55,"s:287:8:287:Infinity":56,"s:291:23:291:Infinity":57,"s:292:4:296:Infinity":58,"s:298:4:305:Infinity":59,"f:315:15:315:Infinity":10,"s:320:34:320:Infinity":60,"s:322:4:342:Infinity":61,"s:322:17:322:20":62,"s:323:8:341:Infinity":63,"s:324:12:324:Infinity":64,"s:326:12:326:Infinity":65,"b:329:12:337:Infinity:undefined:undefined:undefined:undefined":17,"s:329:12:337:Infinity":66,"b:329:16:329:Infinity:330:16:330:Infinity:331:16:331:95":18,"f:331:40:331:48":11,"s:331:48:331:92":67,"s:334:30:334:Infinity":68,"s:335:16:335:Infinity":69,"f:335:34:335:45":12,"s:335:45:335:71":70,"s:336:16:336:Infinity":71,"s:340:12:340:Infinity":72,"s:345:4:345:Infinity":73,"b:345:10:345:23:345:23:345:Infinity":19,"f:354:16:354:29":13,"b:354:60:354:Infinity":20,"s:359:10:359:Infinity":74,"b:361:4:365:Infinity:undefined:undefined:undefined:undefined":21,"s:361:4:365:Infinity":75,"s:362:8:362:Infinity":76,"s:363:8:363:Infinity":77,"s:364:8:364:Infinity":78,"s:367:4:371:Infinity":79,"f:369:37:369:42":14,"s:369:42:369:79":80,"f:370:41:370:46":15,"s:370:46:370:83":81}}}
,"/Users/super_user/projects/VY-Prompt-Master/src/utils/config-backup.ts": {"path":"/Users/super_user/projects/VY-Prompt-Master/src/utils/config-backup.ts","statementMap":{"0":{"start":{"line":29,"column":2},"end":{"line":31,"column":null}},"1":{"start":{"line":30,"column":4},"end":{"line":30,"column":null}},"2":{"start":{"line":38,"column":8},"end":{"line":38,"column":null}},"3":{"start":{"line":39,"column":14},"end":{"line":39,"column":null}},"4":{"start":{"line":40,"column":19},"end":{"line":40,"column":null}},"5":{"start":{"line":41,"column":8},"end":{"line":41,"column":null}},"6":{"start":{"line":42,"column":17},"end":{"line":42,"column":null}},"7":{"start":{"line":44,"column":2},"end":{"line":44,"column":null}},"8":{"start":{"line":53,"column":2},"end":{"line":83,"column":null}},"9":{"start":{"line":54,"column":4},"end":{"line":59,"column":null}},"10":{"start":{"line":55,"column":6},"end":{"line":58,"column":null}},"11":{"start":{"line":61,"column":23},"end":{"line":61,"column":null}},"12":{"start":{"line":62,"column":10},"end":{"line":62,"column":null}},"13":{"start":{"line":65,"column":4},"end":{"line":65,"column":null}},"14":{"start":{"line":68,"column":4},"end":{"line":68,"column":null}},"15":{"start":{"line":71,"column":4},"end":{"line":71,"column":null}},"16":{"start":{"line":73,"column":4},"end":{"line":77,"column":null}},"17":{"start":{"line":79,"column":4},"end":{"line":82,"column":null}},"18":{"start":{"line":92,"column":2},"end":{"line":117,"column":null}},"19":{"start":{"line":93,"column":10},"end":{"line":93,"column":null}},"20":{"start":{"line":94,"column":21},"end":{"line":94,"column":null}},"21":{"start":{"line":95,"column":26},"end":{"line":95,"column":null}},"22":{"start":{"line":97,"column":10},"end":{"line":97,"column":null}},"23":{"start":{"line":98,"column":20},"end":{"line":105,"column":null}},"24":{"start":{"line":99,"column":29},"end":{"line":99,"column":50}},"25":{"start":{"line":100,"column":27},"end":{"line":104,"column":8}},"26":{"start":{"line":105,"column":22},"end":{"line":105,"column":69}},"27":{"start":{"line":108,"column":4},"end":{"line":114,"column":null}},"28":{"start":{"line":108,"column":17},"end":{"line":108,"column":29}},"29":{"start":{"line":109,"column":6},"end":{"line":113,"column":null}},"30":{"start":{"line":110,"column":8},"end":{"line":110,"column":null}},"31":{"start":{"line":127,"column":2},"end":{"line":155,"column":null}},"32":{"start":{"line":128,"column":4},"end":{"line":154,"column":null}},"33":{"start":{"line":129,"column":12},"end":{"line":129,"column":null}},"34":{"start":{"line":130,"column":21},"end":{"line":130,"column":null}},"35":{"start":{"line":133,"column":6},"end":{"line":133,"column":null}},"36":{"start":{"line":135,"column":6},"end":{"line":139,"column":null}},"37":{"start":{"line":141,"column":6},"end":{"line":141,"column":null}},"38":{"start":{"line":144,"column":27},"end":{"line":144,"column":null}},"39":{"start":{"line":145,"column":6},"end":{"line":147,"column":null}},"40":{"start":{"line":146,"column":8},"end":{"line":146,"column":null}},"41":{"start":{"line":149,"column":6},"end":{"line":153,"column":null}},"42":{"start":{"line":158,"column":23},"end":{"line":158,"column":null}},"43":{"start":{"line":159,"column":2},"end":{"line":168,"column":null}},"44":{"start":{"line":161,"column":4},"end":{"line":166,"column":null}},"45":{"start":{"line":162,"column":6},"end":{"line":162,"column":null}},"46":{"start":{"line":163,"column":6},"end":{"line":163,"column":null}},"47":{"start":{"line":165,"column":6},"end":{"line":165,"column":null}},"48":{"start":{"line":167,"column":4},"end":{"line":167,"column":null}},"49":{"start":{"line":170,"column":2},"end":{"line":174,"column":null}},"50":{"start":{"line":183,"column":2},"end":{"line":243,"column":null}},"51":{"start":{"line":184,"column":10},"end":{"line":184,"column":null}},"52":{"start":{"line":185,"column":21},"end":{"line":185,"column":null}},"53":{"start":{"line":186,"column":26},"end":{"line":186,"column":null}},"54":{"start":{"line":188,"column":4},"end":{"line":194,"column":null}},"55":{"start":{"line":189,"column":6},"end":{"line":193,"column":null}},"56":{"start":{"line":196,"column":10},"end":{"line":196,"column":null}},"57":{"start":{"line":197,"column":20},"end":{"line":204,"column":null}},"58":{"start":{"line":198,"column":29},"end":{"line":198,"column":50}},"59":{"start":{"line":199,"column":27},"end":{"line":203,"column":8}},"60":{"start":{"line":204,"column":22},"end":{"line":204,"column":69}},"61":{"start":{"line":206,"column":4},"end":{"line":212,"column":null}},"62":{"start":{"line":207,"column":6},"end":{"line":211,"column":null}},"63":{"start":{"line":215,"column":4},"end":{"line":230,"column":null}},"64":{"start":{"line":216,"column":6},"end":{"line":229,"column":null}},"65":{"start":{"line":217,"column":14},"end":{"line":217,"column":null}},"66":{"start":{"line":218,"column":23},"end":{"line":218,"column":null}},"67":{"start":{"line":220,"column":8},"end":{"line":225,"column":null}},"68":{"start":{"line":227,"column":8},"end":{"line":227,"column":null}},"69":{"start":{"line":228,"column":8},"end":{"line":228,"column":null}},"70":{"start":{"line":232,"column":4},"end":{"line":236,"column":null}},"71":{"start":{"line":238,"column":4},"end":{"line":242,"column":null}},"72":{"start":{"line":252,"column":2},"end":{"line":252,"column":null}},"73":{"start":{"line":261,"column":2},"end":{"line":288,"column":null}},"74":{"start":{"line":262,"column":10},"end":{"line":262,"column":null}},"75":{"start":{"line":263,"column":21},"end":{"line":263,"column":null}},"76":{"start":{"line":264,"column":26},"end":{"line":264,"column":null}},"77":{"start":{"line":266,"column":4},"end":{"line":268,"column":null}},"78":{"start":{"line":267,"column":6},"end":{"line":267,"column":null}},"79":{"start":{"line":270,"column":10},"end":{"line":270,"column":null}},"80":{"start":{"line":271,"column":4},"end":{"line":285,"column":null}},"81":{"start":{"line":272,"column":29},"end":{"line":272,"column":50}},"82":{"start":{"line":274,"column":14},"end":{"line":274,"column":null}},"83":{"start":{"line":275,"column":14},"end":{"line":275,"column":null}},"84":{"start":{"line":276,"column":8},"end":{"line":280,"column":null}},"85":{"start":{"line":283,"column":25},"end":{"line":283,"column":null}},"86":{"start":{"line":284,"column":8},"end":{"line":284,"column":null}},"87":{"start":{"line":287,"column":4},"end":{"line":287,"column":null}}},"fnMap":{"0":{"name":"ensureDir","decl":{"start":{"line":28,"column":9},"end":{"line":28,"column":19}},"loc":{"start":{"line":28,"column":42},"end":{"line":32,"column":null}},"line":28},"1":{"name":"generateBackupPath","decl":{"start":{"line":37,"column":9},"end":{"line":37,"column":28}},"loc":{"start":{"line":37,"column":58},"end":{"line":45,"column":null}},"line":37},"2":{"name":"createBackup","decl":{"start":{"line":52,"column":16},"end":{"line":52,"column":29}},"loc":{"start":{"line":52,"column":63},"end":{"line":84,"column":null}},"line":52},"3":{"name":"cleanupOldBackups","decl":{"start":{"line":91,"column":9},"end":{"line":91,"column":27}},"loc":{"start":{"line":91,"column":73},"end":{"line":118,"column":null}},"line":91},"4":{"name":"(anonymous_4)","decl":{"start":{"line":99,"column":14},"end":{"line":99,"column":15}},"loc":{"start":{"line":99,"column":29},"end":{"line":99,"column":50}},"line":99},"5":{"name":"(anonymous_5)","decl":{"start":{"line":100,"column":11},"end":{"line":100,"column":12}},"loc":{"start":{"line":100,"column":27},"end":{"line":104,"column":8}},"line":100},"6":{"name":"(anonymous_6)","decl":{"start":{"line":105,"column":12},"end":{"line":105,"column":13}},"loc":{"start":{"line":105,"column":22},"end":{"line":105,"column":69}},"line":105},"7":{"name":"loadConfigWithBackup","decl":{"start":{"line":125,"column":16},"end":{"line":125,"column":37}},"loc":{"start":{"line":125,"column":73},"end":{"line":175,"column":null}},"line":125},"8":{"name":"recoverFromLatestBackup","decl":{"start":{"line":182,"column":9},"end":{"line":182,"column":33}},"loc":{"start":{"line":182,"column":69},"end":{"line":244,"column":null}},"line":182},"9":{"name":"(anonymous_9)","decl":{"start":{"line":198,"column":14},"end":{"line":198,"column":15}},"loc":{"start":{"line":198,"column":29},"end":{"line":198,"column":50}},"line":198},"10":{"name":"(anonymous_10)","decl":{"start":{"line":199,"column":11},"end":{"line":199,"column":12}},"loc":{"start":{"line":199,"column":27},"end":{"line":203,"column":8}},"line":199},"11":{"name":"(anonymous_11)","decl":{"start":{"line":204,"column":12},"end":{"line":204,"column":13}},"loc":{"start":{"line":204,"column":22},"end":{"line":204,"column":69}},"line":204},"12":{"name":"getBackupDir","decl":{"start":{"line":251,"column":16},"end":{"line":251,"column":29}},"loc":{"start":{"line":251,"column":57},"end":{"line":253,"column":null}},"line":251},"13":{"name":"listBackups","decl":{"start":{"line":260,"column":16},"end":{"line":260,"column":28}},"loc":{"start":{"line":260,"column":99},"end":{"line":289,"column":null}},"line":260},"14":{"name":"(anonymous_14)","decl":{"start":{"line":272,"column":14},"end":{"line":272,"column":15}},"loc":{"start":{"line":272,"column":29},"end":{"line":272,"column":50}},"line":272},"15":{"name":"(anonymous_15)","decl":{"start":{"line":273,"column":11},"end":{"line":273,"column":12}},"loc":{"start":{"line":273,"column":26},"end":{"line":281,"column":7}},"line":273},"16":{"name":"(anonymous_16)","decl":{"start":{"line":282,"column":12},"end":{"line":282,"column":13}},"loc":{"start":{"line":282,"column":22},"end":{"line":285,"column":7}},"line":282}},"branchMap":{"0":{"loc":{"start":{"line":29,"column":2},"end":{"line":31,"column":null}},"type":"if","locations":[{"start":{"line":29,"column":2},"end":{"line":31,"column":null}},{"start":{},"end":{}}],"line":29},"1":{"loc":{"start":{"line":39,"column":14},"end":{"line":39,"column":null}},"type":"cond-expr","locations":[{"start":{"line":39,"column":47},"end":{"line":39,"column":57}},{"start":{"line":39,"column":57},"end":{"line":39,"column":null}}],"line":39},"2":{"loc":{"start":{"line":54,"column":4},"end":{"line":59,"column":null}},"type":"if","locations":[{"start":{"line":54,"column":4},"end":{"line":59,"column":null}},{"start":{},"end":{}}],"line":54},"3":{"loc":{"start":{"line":81,"column":43},"end":{"line":81,"column":97}},"type":"cond-expr","locations":[{"start":{"line":81,"column":68},"end":{"line":81,"column":84}},{"start":{"line":81,"column":84},"end":{"line":81,"column":97}}],"line":81},"4":{"loc":{"start":{"line":127,"column":2},"end":{"line":155,"column":null}},"type":"if","locations":[{"start":{"line":127,"column":2},"end":{"line":155,"column":null}},{"start":{},"end":{}}],"line":127},"5":{"loc":{"start":{"line":145,"column":6},"end":{"line":147,"column":null}},"type":"if","locations":[{"start":{"line":145,"column":6},"end":{"line":147,"column":null}},{"start":{},"end":{}}],"line":145},"6":{"loc":{"start":{"line":152,"column":67},"end":{"line":152,"column":121}},"type":"cond-expr","locations":[{"start":{"line":152,"column":92},"end":{"line":152,"column":108}},{"start":{"line":152,"column":108},"end":{"line":152,"column":121}}],"line":152},"7":{"loc":{"start":{"line":159,"column":2},"end":{"line":168,"column":null}},"type":"if","locations":[{"start":{"line":159,"column":2},"end":{"line":168,"column":null}},{"start":{},"end":{}}],"line":159},"8":{"loc":{"start":{"line":188,"column":4},"end":{"line":194,"column":null}},"type":"if","locations":[{"start":{"line":188,"column":4},"end":{"line":194,"column":null}},{"start":{},"end":{}}],"line":188},"9":{"loc":{"start":{"line":206,"column":4},"end":{"line":212,"column":null}},"type":"if","locations":[{"start":{"line":206,"column":4},"end":{"line":212,"column":null}},{"start":{},"end":{}}],"line":206},"10":{"loc":{"start":{"line":241,"column":47},"end":{"line":241,"column":101}},"type":"cond-expr","locations":[{"start":{"line":241,"column":72},"end":{"line":241,"column":88}},{"start":{"line":241,"column":88},"end":{"line":241,"column":101}}],"line":241},"11":{"loc":{"start":{"line":266,"column":4},"end":{"line":268,"column":null}},"type":"if","locations":[{"start":{"line":266,"column":4},"end":{"line":268,"column":null}},{"start":{},"end":{}}],"line":266},"12":{"loc":{"start":{"line":284,"column":15},"end":{"line":284,"column":null}},"type":"cond-expr","locations":[{"start":{"line":284,"column":32},"end":{"line":284,"column":44}},{"start":{"line":284,"column":44},"end":{"line":284,"column":null}}],"line":284}},"s":{"0":0,"1":0,"2":0,"3":0,"4":0,"5":0,"6":0,"7":0,"8":0,"9":0,"10":0,"11":0,"12":0,"13":0,"14":0,"15":0,"16":0,"17":0,"18":0,"19":0,"20":0,"21":0,"22":0,"23":0,"24":0,"25":0,"26":0,"27":0,"28":0,"29":0,"30":0,"31":0,"32":0,"33":0,"34":0,"35":0,"36":0,"37":0,"38":0,"39":0,"40":0,"41":0,"42":0,"43":0,"44":0,"45":0,"46":0,"47":0,"48":0,"49":0,"50":0,"51":0,"52":0,"53":0,"54":0,"55":0,"56":0,"57":0,"58":0,"59":0,"60":0,"61":0,"62":0,"63":0,"64":0,"65":0,"66":0,"67":0,"68":0,"69":0,"70":0,"71":0,"72":0,"73":0,"74":0,"75":0,"76":0,"77":0,"78":0,"79":0,"80":0,"81":0,"82":0,"83":0,"84":0,"85":0,"86":0,"87":0},"f":{"0":0,"1":0,"2":0,"3":0,"4":0,"5":0,"6":0,"7":0,"8":0,"9":0,"10":0,"11":0,"12":0,"13":0,"14":0,"15":0,"16":0},"b":{"0":[0,0],"1":[0,0],"2":[0,0],"3":[0,0],"4":[0,0],"5":[0,0],"6":[0,0],"7":[0,0],"8":[0,0],"9":[0,0],"10":[0,0],"11":[0,0],"12":[0,0]},"meta":{"lastBranch":13,"lastFunction":17,"lastStatement":88,"seen":{"f:28:9:28:19":0,"b:29:2:31:Infinity:undefined:undefined:undefined:undefined":0,"s:29:2:31:Infinity":0,"s:30:4:30:Infinity":1,"f:37:9:37:28":1,"s:38:8:38:Infinity":2,"s:39:14:39:Infinity":3,"b:39:47:39:57:39:57:39:Infinity":1,"s:40:19:40:Infinity":4,"s:41:8:41:Infinity":5,"s:42:17:42:Infinity":6,"s:44:2:44:Infinity":7,"f:52:16:52:29":2,"s:53:2:83:Inf
[...]
2:37:23":2,"s:37:32:42:6":10,"b:38:14:38:34:38:34:38:Infinity":3,"b:39:17:39:32:39:32:39:Infinity":4,"b:40:24:40:54:40:54:40:61":5,"s:46:36:46:Infinity":11,"s:47:55:47:Infinity":12,"f:50:9:50:40":3,"s:51:16:55:Infinity":13,"s:56:4:56:Infinity":14,"s:57:4:57:Infinity":15,"f:61:9:61:51":4,"b:62:4:64:Infinity:undefined:undefined:undefined:undefined":6,"s:62:4:64:Infinity":16,"s:63:8:63:Infinity":17,"b:67:4:75:Infinity:71:11:75:Infinity":7,"s:67:4:75:Infinity":18,"s:68:8:68:Infinity":19,"s:69:23:69:Infinity":20,"s:70:8:70:Infinity":21,"s:73:23:73:Infinity":22,"s:74:8:74:Infinity":23,"s:77:4:77:Infinity":24,"f:81:16:81:41":5,"s:82:4:82:Infinity":25,"s:83:4:83:Infinity":26,"f:91:16:91:31":6,"s:92:38:92:Infinity":27,"b:95:4:106:Infinity:undefined:undefined:undefined:undefined":8,"s:95:4:106:Infinity":28,"s:96:8:105:Infinity":29,"s:110:4:128:Infinity":30,"s:111:8:115:Infinity":31,"s:117:26:117:Infinity":32,"s:118:8:127:Infinity":33,"b:131:4:142:Infinity:undefined:undefined:undefined:undefined":9,"s:131:4:142:Infinity":34,"s:132:8:141:Infinity":35,"s:145:21:145:Infinity":36,"s:146:18:146:Infinity":37,"b:148:4:150:Infinity:undefined:undefined:undefined:undefined":10,"s:148:4:150:Infinity":38,"s:149:8:149:Infinity":39,"s:152:4:156:Infinity":40,"f:164:9:164:22":7,"b:165:4:167:Infinity:undefined:undefined:undefined:undefined":11,"s:165:4:167:Infinity":41,"b:165:8:165:24:165:24:165:49":12,"s:166:8:166:Infinity":42,"b:170:4:173:Infinity:undefined:undefined:undefined:undefined":13,"s:170:4:173:Infinity":43,"b:170:8:170:Infinity:171:8:171:66":14,"s:172:8:172:Infinity":44,"s:176:4:186:Infinity":45,"b:177:8:185:Infinity:undefined:undefined:undefined:undefined":15,"s:177:8:185:Infinity":46,"b:178:12:180:Infinity:undefined:undefined:undefined:undefined":16,"s:178:12:180:Infinity":47,"b:178:16:178:39:178:39:178:62":17,"s:179:16:179:Infinity":48,"b:182:12:184:Infinity:undefined:undefined:undefined:undefined":18,"s:182:12:184:Infinity":49,"s:183:16:183:Infinity":50,"s:188:4:188:Infinity":51,"f:196:16:196:33":8,"s:197:19:197:Infinity":52,"b:199:4:201:Infinity:undefined:undefined:undefined:undefined":19,"s:199:4:201:Infinity":53,"s:200:8:200:Infinity":54,"s:203:10:203:Infinity":55,"s:204:4:204:Infinity":56,"f:212:16:212:29":9,"s:213:21:213:Infinity":57,"s:214:4:214:Infinity":58,"s:217:19:217:Infinity":59,"s:220:27:220:Infinity":60,"s:221:4:221:Infinity":61,"s:223:4:227:Infinity":62,"f:235:9:235:31":10,"s:236:38:236:Infinity":63,"s:239:4:268:Infinity":64,"f:239:24:239:25":11,"s:240:26:240:Infinity":65,"b:242:8:254:Infinity:undefined:undefined:undefined:undefined":20,"s:242:8:254:Infinity":66,"b:242:12:242:36:242:36:242:51":21,"s:243:27:243:Infinity":67,"s:244:12:253:Infinity":68,"s:245:16:245:Infinity":69,"s:247:16:252:Infinity":70,"b:256:8:267:Infinity:undefined:undefined:undefined:undefined":22,"s:256:8:267:Infinity":71,"b:256:12:256:37:256:37:256:52":23,"s:257:28:257:Infinity":72,"b:259:12:266:Infinity:undefined:undefined:undefined:undefined":24,"s:259:12:266:Infinity":73,"s:260:16:265:Infinity":74,"b:271:4:363:Infinity:undefined:undefined:undefined:undefined":25,"s:271:4:363:Infinity":75,"b:271:8:271:28:271:28:271:60":26,"s:272:24:275:Infinity":76,"f:272:44:272:45":12,"s:272:62:275:10":77,"b:273:16:273:32:273:32:273:Infinity":27,"s:278:8:287:Infinity":78,"f:278:24:278:25":13,"b:279:12:286:Infinity:undefined:undefined:undefined:undefined":28,"s:279:12:286:Infinity":79,"s:280:16:285:Infinity":80,"s:291:28:291:Infinity":81,"s:292:29:292:Infinity":82,"f:292:44:292:45":14,"s:292:56:292:76":83,"s:295:8:304:Infinity":84,"f:295:24:295:25":15,"b:296:12:303:Infinity:undefined:undefined:undefined:undefined":29,"s:296:12:303:Infinity":85,"b:296:16:296:22:296:22:296:45":30,"s:297:16:302:Infinity":86,"s:307:25:307:Infinity":87,"s:308:8:310:Infinity":88,"f:308:29:308:30":16,"s:309:12:309:Infinity":89,"b:309:30:309:50:309:50:309:55":31,"s:312:8:326:Infinity":90,"f:312:25:312:26":17,"b:313:12:325:Infinity:undefined:undefined:undefined:undefined":32,"s:313:12:325:Infinity":91,"s:314:32:317:Infinity":92,"f:315:25:315:26":18,"s:315:36:315:59":93,"f:316:28:316:33":19,"s:316:33:316:44":94,"f:317:25:317:30":20,"s:317:30:317:37":95,"s:319:16:324:Infinity":96,"b:329:8:362:Infinity:undefined:undefined:undefined:undefined":33,"s:329:8:362:Infinity":97,"s:330:28:337:Infinity":98,"f:331:21:331:22":21,"s:333:34:333:Infinity":99,"s:334:20:334:Infinity":100,"b:334:35:334:60:334:60:334:Infinity":34,"f:336:24:336:29":22,"s:336:29:336:38":101,"f:337:22:337:23":23,"s:337:32:337:37":102,"b:340:12:347:Infinity:undefined:undefined:undefined:undefined":35,"s:340:12:347:Infinity":103,"s:341:16:346:Infinity":104,"s:350:12:361:Infinity":105,"s:350:25:350:28":106,"b:351:16:360:Infinity:undefined:undefined:undefined:undefined":36,"s:351:16:360:Infinity":107,"s:352:37:352:Infinity":108,"s:353:34:353:Infinity":109,"s:354:20:359:Infinity":110,"s:365:4:365:Infinity":111}}}
,"/Users/super_user/projects/VY-Prompt-Master/src/validator/ui-validator.ts": {"path":"/Users/super_user/projects/VY-Prompt-Master/src/validator/ui-validator.ts","statementMap":{"0":{"start":{"line":9,"column":24},"end":{"line":9,"column":null}},"1":{"start":{"line":12,"column":20},"end":{"line":18,"column":null}},"2":{"start":{"line":21,"column":29},"end":{"line":30,"column":null}},"3":{"start":{"line":39,"column":38},"end":{"line":39,"column":null}},"4":{"start":{"line":40,"column":42},"end":{"line":40,"column":null}},"5":{"start":{"line":41,"column":21},"end":{"line":41,"column":null}},"6":{"start":{"line":44,"column":4},"end":{"line":51,"column":null}},"7":{"start":{"line":45,"column":8},"end":{"line":50,"column":null}},"8":{"start":{"line":54,"column":4},"end":{"line":61,"column":null}},"9":{"start":{"line":55,"column":8},"end":{"line":60,"column":null}},"10":{"start":{"line":63,"column":4},"end":{"line":70,"column":null}},"11":{"start":{"line":64,"column":8},"end":{"line":69,"column":null}},"12":{"start":{"line":72,"column":4},"end":{"line":79,"column":null}},"13":{"start":{"line":73,"column":8},"end":{"line":78,"column":null}},"14":{"start":{"line":81,"column":4},"end":{"line":88,"column":null}},"15":{"start":{"line":82,"column":8},"end":{"line":87,"column":null}},"16":{"start":{"line":91,"column":4},"end":{"line":113,"column":null}},"17":{"start":{"line":93,"column":8},"end":{"line":100,"column":null}},"18":{"start":{"line":94,"column":12},"end":{"line":99,"column":null}},"19":{"start":{"line":103,"column":8},"end":{"line":112,"column":null}},"20":{"start":{"line":104,"column":12},"end":{"line":111,"column":null}},"21":{"start":{"line":105,"column":16},"end":{"line":110,"column":null}},"22":{"start":{"line":116,"column":26},"end":{"line":122,"column":null}},"23":{"start":{"line":124,"column":4},"end":{"line":134,"column":null}},"24":{"start":{"line":125,"column":22},"end":{"line":125,"column":null}},"25":{"start":{"line":126,"column":8},"end":{"line":133,"column":null}},"26":{"start":{"line":127,"column":12},"end":{"line":132,"column":null}},"27":{"start":{"line":137,"column":4},"end":{"line":144,"column":null}},"28":{"start":{"line":138,"column":8},"end":{"line":143,"column":null}},"29":{"start":{"line":147,"column":4},"end":{"line":154,"column":null}},"30":{"start":{"line":148,"column":8},"end":{"line":153,"column":null}},"31":{"start":{"line":157,"column":29},"end":{"line":161,"column":null}},"32":{"start":{"line":163,"column":4},"end":{"line":172,"column":null}},"33":{"start":{"line":164,"column":8},"end":{"line":171,"column":null}},"34":{"start":{"line":165,"column":12},"end":{"line":170,"column":null}},"35":{"start":{"line":174,"column":4},"end":{"line":174,"column":null}},"36":{"start":{"line":183,"column":41},"end":{"line":183,"column":null}},"37":{"start":{"line":184,"column":45},"end":{"line":184,"column":null}},"38":{"start":{"line":186,"column":20},"end":{"line":186,"column":null}},"39":{"start":{"line":187,"column":23},"end":{"line":187,"column":null}},"40":{"start":{"line":188,"column":29},"end":{"line":188,"column":null}},"41":{"start":{"line":191,"column":4},"end":{"line":230,"column":null}},"42":{"start":{"line":193,"column":37},"end":{"line":193,"column":null}},"43":{"start":{"line":194,"column":8},"end":{"line":194,"column":null}},"44":{"start":{"line":195,"column":8},"end":{"line":195,"column":null}},"45":{"start":{"line":198,"column":8},"end":{"line":202,"column":null}},"46":{"start":{"line":199,"column":12},"end":{"line":199,"column":null}},"47":{"start":{"line":201,"column":12},"end":{"line":201,"column":null}},"48":{"start":{"line":205,"column":22},"end":{"line":205,"column":null}},"49":{"start":{"line":206,"column":8},"end":{"line":229,"column":null}},"50":{"start":{"line":207,"column":38},"end":{"line":207,"column":null}},"51":{"start":{"line":209,"column":12},"end":{"line":228,"column":null}},"52":{"start":{"line":210,"column":16},"end":{"line":215,"column":null}},"53":{"start":{"line":218,"column":16},"end":{"line":225,"column":null}},"54":{"start":{"line":219,"column":20},"end":{"line":224,"column":null}},"55":{"start":{"line":227,"column":16},"end":{"line":227,"column":null}},"56":{"start":{"line":232,"column":4},"end":{"line":239,"column":null}},"57":{"start":{"line":233,"column":8},"end":{"line":238,"column":null}},"58":{"start":{"line":241,"column":4},"end":{"line":245,"column":null}},"59":{"start":{"line":254,"column":38},"end":{"line":254,"column":null}},"60":{"start":{"line":256,"column":4},"end":{"line":270,"column":null}},"61":{"start":{"line":257,"column":25},"end":{"line":257,"column":null}},"62":{"start":{"line":259,"column":8},"end":{"line":269,"column":null}},"63":{"start":{"line":260,"column":26},"end":{"line":260,"column":null}},"64":{"start":{"line":261,"column":12},"end":{"line":268,"column":null}},"65":{"start":{"line":262,"column":16},"end":{"line":267,"column":null}},"66":{"start":{"line":272,"column":4},"end":{"line":276,"column":null}}},"fnMap":{"0":{"name":"validateStep","decl":{"start":{"line":38,"column":9},"end":{"line":38,"column":22}},"loc":{"start":{"line":38,"column":113},"end":{"line":175,"column":null}},"line":38},"1":{"name":"(anonymous_1)","decl":{"start":{"line":103,"column":36},"end":{"line":103,"column":37}},"loc":{"start":{"line":103,"column":53},"end":{"line":112,"column":9}},"line":103},"2":{"name":"validateUI","decl":{"start":{"line":182,"column":16},"end":{"line":182,"column":27}},"loc":{"start":{"line":182,"column":65},"end":{"line":246,"column":null}},"line":182},"3":{"name":"(anonymous_3)","decl":{"start":{"line":191,"column":28},"end":{"line":191,"column":29}},"loc":{"start":{"line":191,"column":45},"end":{"line":230,"column":5}},"line":191},"4":{"name":"validateRequiredFields","decl":{"start":{"line":253,"column":16},"end":{"line":253,"column":39}},"loc":{"start":{"line":253,"column":77},"end":{"line":277,"column":null}},"line":253},"5":{"name":"(anonymous_5)","decl":{"start":{"line":256,"column":28},"end":{"line":256,"column":29}},"loc":{"start":{"line":256,"column":45},"end":{"line":270,"column":5}},"line":256}},"branchMap":{"0":{"loc":{"start":{"line":44,"column":4},"end":{"line":51,"column":null}},"type":"if","locations":[{"start":{"line":44,"column":4},"end":{"line":51,"column":null}},{"start":{},"end":{}}],"line":44},"1":{"loc":{"start":{"line":54,"column":4},"end":{"line":61,"column":null}},"type":"if","locations":[{"start":{"line":54,"column":4},"end":{"line":61,"column":null}},{"start":{},"end":{}}],"line":54},"2":{"loc":{"start":{"line":63,"column":4},"end":{"line":70,"column":null}},"type":"if","locations":[{"start":{"line":63,"column":4},"end":{"line":70,"column":null}},{"start":{},"end":{}}],"line":63},"3":{"loc":{"start":{"line":72,"column":4},"end":{"line":79,"column":null}},"type":"if","locations":[{"start":{"line":72,"column":4},"end":{"line":79,"column":null}},{"start":{},"end":{}}],"line":72},"4":{"loc":{"start":{"line":81,"column":4},"end":{"line":88,"column":null}},"type":"if","locations":[{"start":{"line":81,"column":4},"end":{"line":88,"column":null}},{"start":{},"end":{}}],"line":81},"5":{"loc":{"start":{"line":91,"column":4},"end":{"line":113,"column":null}},"type":"if","locations":[{"start":{"line":91,"column":4},"end":{"line":113,"column":null}},{"start":{"line":101,"column":11},"end":{"line":113,"column":null}}],"line":91},"6":{"loc":{"start":{"line":91,"column":8},"end":{"line":91,"column":66}},"type":"binary-expr","locations":[{"start":{"line":91,"column":8},"end":{"line":91,"column":32}},{"start":{"line":91,"column":32},"end":{"line":91,"column":66}}],"line":91},"7":{"loc":{"start":{"line":93,"column":8},"end":{"line":100,"column":null}},"type":"if","locations":[{"start":{"line":93,"column":8},"end":{"line":100,"column":null}},{"start":{},"end":{}}],"line":93},"8":{"loc":{"start":{"line":104,"column":12},"end":{"line":111,"column":null}},"type":"if","locations":[{"start":{"line":104,"column":12},"end":{"line":111,"column":null}},{"start":{},"end":{}}],"line":104},"9":{"loc":{"start":{"line":126,"column":8},"end":{"line":133,"column":null}},"type":"if","locations":[{"start":{"line":126,"column":8},"end":{"line":133,"column":null}},{"start":{},"end":{}}],"line":126},"10":{"loc":{"start":{"line":137,"column":4},"end":{"line":144,"column":null}},"type":"if","locations":[{"start":{"line":137,"column":4},"end":{"line":144,"column":null}},{"start":{},"end":{}}],"line":137},"11":{"loc":{"start":{"line":147,"column":4},"end":{"line":154,"column":null}},"type":"if","locations":[{"start":{"line":147,"column":4},"end":{"line":154,"column":null}},{"start":{},"end":{}}],"line":147},"12":{"loc":{"start":{"line":164,"column":8},"end":{"line":171,"column":null}},"type":"if","locations":[{"start":{"line":164,"column":8},"end":{"line":171,"column":null}},{"start":{},"end":{}}],"line":164},"13":{"loc":{"start":{"line":198,"column":8},"end":{"line":202,"column":null}},"type":"if","locations":[{"start":{"line":198,"column":8},"end":{"line":202,"column":null}},{"start":{"line":200,"column":15},"end":{"line":202,"column":null}}],"line":198},"14":{"loc":{"start":{"line":206,"column":8},"end":{"line":229,"column":null}},"type":"if","locations":[{"start":{"line":206,"column":8},"end":{"line":229,"column":null}},{"start":{},"end":{}}],"line":206},"15":{"loc":{"start":{"line":209,"column":12},"end":{"line":228,"column":null}},"type":"if","locations":[{"start":{"line":209,"column":12},"end":{"line":228,"column":null}},{"start":{"line":216,"column":19},"end":{"line":228,"column":null}}],"line":209},"16":{"loc":{"start":{"line":209,"column":16},"end":{"line":209,"column":67}},"type":"binary-expr","locations":[{"start":{"line":209,"column":16},"end":{"line":209,"column":44}},{"start":{"line":209,"column":44},"end":{"line":209,"column":67}}],"line":209},"17":{"loc":{"start":{"line":218,"column":16},"end":{"line":225,"column":null}},"type":"if","locations":[{"start":{"line":218,"column":16},"end":{"line":225,"column":null}},{"start":{},"end":{}}],"line":218},"18":{"loc":{"start":{"line":218,"column":20},"end":{"line":218,"column":95}},"type":"binary-expr","locations":[{"start":{"line":218,"column":20},"end":{"line":218,"column":49}},{"start":{"line":218,"column":49},"end":{"line":218,"column":95}}],"line":218},"19":{"loc":{"start":{"line":232,"column":4},"end":{"line":239,"column":null}},"type":"if","locations":[{"start":{"line":232,"column":4},"end":{"line":239,"column":null}},{"start":{},"end":{}}],"line":232},"20":{"loc":{"start":{"line":261,"column":12},"end":{"line":268,"column":null}},"type":"if","locations":[{"start":{"line":261,"column":12},"end":{"line":268,"column":null}},{"start":{},"end":{}}],"line":261},"21":{"loc":{"start":{"line":261,"column":16},"end":{"line":261,"column":109}},"type":"binary-expr","locations":[{"start":{"line":261,"column":16},"end":{"line":261,"column":39}},{"start":{"line":261,"column":39},"end":{"line":261,"column":58}},{"start":{"line":261,"column":58},"end":{"line":261,"column":87}},{"start":{"line":261,"column":87},"end":{"line":261,"column":109}}],"line":261}},"s":{"0":1,"1":1,"2":1,"3":13,"4":13,"5":13,"6":13,"7":2,"8":13,"9":1,"10":13,"11":1,"12":13,"13":0,"14":13,"15":0,"16":13,"17":1,"18":1,"19":12,"20":12,"21":0,"22":13,"23":13,"24":65,"25":65,"26":1,"27":13,"28":1,"29":13,"30":1,"31":13,"32":13,"33":39,"34":0,"35":13,"36":11,"37":11,"38":11,"39":11,"40":11,"41":11,"42":13,"43":13,"44":13,"45":13,"46":1,"47":12,"48":13,"49":13,"50":12,"51":12,"52":0,"53":12,"54":2,"55":12,"56":11,"57":1,"58":11,"59":2,"60":2,"61":2,"62":2,"63":16,"64":16,"65":1,"66":2},"f":{"0":13,"1":12,"2":11,"3":13,"4":2,"5":2},"b":{"0":[2,11],"1":[1,12],"2":[1,12],"3":[0,13],"4":[0,13],"5":[1,12],"6":[13,13],"7":[1,0],"8":[0,12],"9":[1,64],"10":[1,12],"11":[1,12],"12":[0,39],"13":[1,12],"14":[12,1],"15":[0,12],"16":[12,12],"17":[2,10],"18":[12,2],"19":[1,10],"20":[1,15],"21":[16,15,15,13]},"meta":{"lastBranch":22,"lastFunction":6,"lastStatement":67,"seen":{"s:9:24:9:Infinity":0,"s:12:20:18:Infinity":1,"s:21:29:30:Infinity":2,"f:38:9:38:22":0,"s:39:38:39:Infinity":3,"s:40:42:40:Infinity":4,"s:41:21:41:Infinity":5,"b:44:4:51:Infinity:undefined:undefined:undefined:undefined":0,"s:44:4:51:Infinity":6,"s:45:8:50:Infinity":7,"b:54:4:61:Infinity:undefined:undefined:undefined:undefined":1,"s:54:4:61:Infinity":8,"s:55:8:60:Infinity":9,"b:63:4:70:Infinity:undefined:undefined:undefined:undefined":2,"s:63:4:70:Infinity":10,"s:64:8:69:Infinity":11,"b:72:4:79:Infinity:undefined:undefined:undefined:undefined":3,"s:72:4:79:Infinity":12,"s:73:8:78:Infinity":13,"b:81:4:88:Infinity:undefined:undefined:undefined:undefined":4,"s:81:4:88:Infinity":14,"s:82:8:87:Infinity":15,"b:91:4:113:Infinity:101:11:113:Infinity":5,"s:91:4:113:Infinity":16,"b:91:8:91:32:91:32:91:66":6,"b:93:8:100:Infinity:undefined:undefined:undefined:undefined":7,"s:93:8:100:Infinity":17,"s:94:12:99:Infinity":18,"s:103:8:112:Infinity":19,"f:103:36:103:37":1,"b:104:12:111:Infinity:undefined:undefined:undefined:undefined":8,"s:104:12:111:Infinity":20,"s:105:16:110:Infinity":21,"s:116:26:122:Infinity":22,"s:124:4:134:Infinity":23,"s:125:22:125:Infinity":24,"b:126:8:133:Infinity:undefined:undefined:undefined:undefined":9,"s:126:8:133:Infinity":25,"s:127:12:132:Infinity":26,"b:137:4:144:Infinity:undefined:undefined:undefined:undefined":10,"s:137:4:144:Infinity":27,"s:138:8:143:Infinity":28,"b:147:4:154:Infinity:undefined:undefined:undefined:undefined":11,"s:147:4:154:Infinity":29,"s:148:8:153:Infinity":30,"s:157:29:161:Infinity":31,"s:163:4:172:Infinity":32,"b:164:8:171:Infinity:undefined:undefined:undefined:undefined":12,"s:164:8:171:Infinity":33,"s:165:12:170:Infinity":34,"s:174:4:174:Infinity":35,"f:182:16:182:27":2,"s:183:41:183:Infinity":36,"s:184:45:184:Infinity":37,"s:186:20:186:Infinity":38,"s:187:23:187:Infinity":39,"s:188:29:188:Infinity":40,"s:191:4:230:Infinity":41,"f:191:28:191:29":3,"s:193:37:193:Infinity":42,"s:194:8:194:Infinity":43,"s:195:8:195:Infinity":44,"b:198:8:202:Infinity:200:15:202:Infinity":13,"s:198:8:202:Infinity":45,"s:199:12:199:Infinity":46,"s:201:12:201:Infinity":47,"s:205:22:205:Infinity":48,"b:206:8:229:Infinity:undefined:undefined:undefined:undefined":14,"s:206:8:229:Infinity":49,"s:207:38:207:Infinity":50,"b:209:12:228:Infinity:216:19:228:Infinity":15,"s:209:12:228:Infinity":51,"b:209:16:209:44:209:44:209:67":16,"s:210:16:215:Infinity":52,"b:218:16:225:Infinity:undefined:undefined:undefined:undefined":17,"s:218:16:225:Infinity":53,"b:218:20:218:49:218:49:218:95":18,"s:219:20:224:Infinity":54,"s:227:16:227:Infinity":55,"b:232:4:239:Infinity:undefined:undefined:undefined:undefined":19,"s:232:4:239:Infinity":56,"s:233:8:238:Infinity":57,"s:241:4:245:Infinity":58,"f:253:16:253:39":4,"s:254:38:254:Infinity":59,"s:256:4:270:Infinity":60,"f:256:28:256:29":5,"s:257:25:257:Infinity":61,"s:259:8:269:Infinity":62,"s:260:26:260:Infinity":63,"b:261:12:268:Infinity:undefined:undefined:undefined:undefined":20,"s:261:12:268:Infinity":64,"b:261:16:261:39:261:39:261:58:261:58:261:87:261:87:261:109":21,"s:262:16:267:Infinity":65,"s:272:4:276:Infinity":66}}}
}
